{"/Users/magnusandy/Documents/j8InJS/dist/optional.js":{"path":"/Users/magnusandy/Documents/j8InJS/dist/optional.js","s":{"1":1,"2":1,"3":1,"4":2063,"5":1,"6":1,"7":1080,"8":1080,"9":1882,"10":1080,"11":1682,"12":2,"13":1680,"14":1080,"15":40,"16":38,"17":2,"18":1080,"19":2,"20":1,"21":1080,"22":174,"23":170,"24":4,"25":1080,"26":30,"27":30,"28":1080,"29":2,"30":1080,"31":3,"32":2,"33":1,"34":1080,"35":4,"36":3,"37":1,"38":1080,"39":1,"40":181,"41":179,"42":2,"43":1,"44":608,"45":1,"46":293,"47":1,"48":1},"b":{"1":[2063,2059],"2":[108,1774],"3":[2,1680],"4":[1682,1682],"5":[38,2],"6":[20,18],"7":[1,1],"8":[170,4],"9":[27,3],"10":[1,1],"11":[2,1],"12":[3,1],"13":[179,2]},"f":{"1":2063,"2":1,"3":1080,"4":1882,"5":1682,"6":40,"7":2,"8":174,"9":30,"10":2,"11":3,"12":4,"13":181,"14":608,"15":293},"fnMap":{"1":{"name":"(anonymous_1)","line":4,"loc":{"start":{"line":4,"column":13},"end":{"line":4,"column":26}}},"2":{"name":"(anonymous_2)","line":8,"loc":{"start":{"line":8,"column":30},"end":{"line":8,"column":42}}},"3":{"name":"Optional","line":9,"loc":{"start":{"line":9,"column":4},"end":{"line":9,"column":29}}},"4":{"name":"(anonymous_4)","line":14,"loc":{"start":{"line":14,"column":25},"end":{"line":14,"column":37}}},"5":{"name":"(anonymous_5)","line":18,"loc":{"start":{"line":18,"column":19},"end":{"line":18,"column":31}}},"6":{"name":"(anonymous_6)","line":29,"loc":{"start":{"line":29,"column":22},"end":{"line":29,"column":43}}},"7":{"name":"(anonymous_7)","line":40,"loc":{"start":{"line":40,"column":25},"end":{"line":40,"column":45}}},"8":{"name":"(anonymous_8)","line":48,"loc":{"start":{"line":48,"column":19},"end":{"line":48,"column":42}}},"9":{"name":"(anonymous_9)","line":59,"loc":{"start":{"line":59,"column":23},"end":{"line":59,"column":46}}},"10":{"name":"(anonymous_10)","line":66,"loc":{"start":{"line":66,"column":22},"end":{"line":66,"column":39}}},"11":{"name":"(anonymous_11)","line":71,"loc":{"start":{"line":71,"column":25},"end":{"line":71,"column":45}}},"12":{"name":"(anonymous_12)","line":82,"loc":{"start":{"line":82,"column":27},"end":{"line":82,"column":56}}},"13":{"name":"(anonymous_13)","line":96,"loc":{"start":{"line":96,"column":18},"end":{"line":96,"column":35}}},"14":{"name":"(anonymous_14)","line":107,"loc":{"start":{"line":107,"column":26},"end":{"line":107,"column":43}}},"15":{"name":"(anonymous_15)","line":111,"loc":{"start":{"line":111,"column":21},"end":{"line":111,"column":33}}}},"statementMap":{"1":{"start":{"line":2,"column":0},"end":{"line":2,"column":62}},"2":{"start":{"line":3,"column":0},"end":{"line":3,"column":35}},"3":{"start":{"line":4,"column":0},"end":{"line":4,"column":70}},"4":{"start":{"line":4,"column":28},"end":{"line":4,"column":67}},"5":{"start":{"line":8,"column":0},"end":{"line":113,"column":5}},"6":{"start":{"line":9,"column":4},"end":{"line":91,"column":5}},"7":{"start":{"line":10,"column":8},"end":{"line":10,"column":25}},"8":{"start":{"line":14,"column":8},"end":{"line":14,"column":86}},"9":{"start":{"line":14,"column":39},"end":{"line":14,"column":83}},"10":{"start":{"line":18,"column":8},"end":{"line":25,"column":10}},"11":{"start":{"line":19,"column":12},"end":{"line":24,"column":13}},"12":{"start":{"line":20,"column":16},"end":{"line":20,"column":68}},"13":{"start":{"line":23,"column":16},"end":{"line":23,"column":35}},"14":{"start":{"line":29,"column":8},"end":{"line":36,"column":10}},"15":{"start":{"line":30,"column":12},"end":{"line":35,"column":13}},"16":{"start":{"line":31,"column":16},"end":{"line":31,"column":73}},"17":{"start":{"line":34,"column":16},"end":{"line":34,"column":40}},"18":{"start":{"line":40,"column":8},"end":{"line":44,"column":10}},"19":{"start":{"line":41,"column":12},"end":{"line":43,"column":13}},"20":{"start":{"line":42,"column":16},"end":{"line":42,"column":38}},"21":{"start":{"line":48,"column":8},"end":{"line":55,"column":10}},"22":{"start":{"line":49,"column":12},"end":{"line":54,"column":13}},"23":{"start":{"line":50,"column":16},"end":{"line":50,"column":69}},"24":{"start":{"line":53,"column":16},"end":{"line":53,"column":40}},"25":{"start":{"line":59,"column":8},"end":{"line":62,"column":10}},"26":{"start":{"line":60,"column":12},"end":{"line":60,"column":58}},"27":{"start":{"line":61,"column":12},"end":{"line":61,"column":92}},"28":{"start":{"line":66,"column":8},"end":{"line":66,"column":93}},"29":{"start":{"line":66,"column":41},"end":{"line":66,"column":90}},"30":{"start":{"line":71,"column":8},"end":{"line":78,"column":10}},"31":{"start":{"line":72,"column":12},"end":{"line":77,"column":13}},"32":{"start":{"line":73,"column":16},"end":{"line":73,"column":35}},"33":{"start":{"line":76,"column":16},"end":{"line":76,"column":34}},"34":{"start":{"line":82,"column":8},"end":{"line":89,"column":10}},"35":{"start":{"line":83,"column":12},"end":{"line":88,"column":13}},"36":{"start":{"line":84,"column":16},"end":{"line":84,"column":35}},"37":{"start":{"line":87,"column":16},"end":{"line":87,"column":42}},"38":{"start":{"line":90,"column":8},"end":{"line":90,"column":27}},"39":{"start":{"line":96,"column":4},"end":{"line":103,"column":6}},"40":{"start":{"line":97,"column":8},"end":{"line":102,"column":9}},"41":{"start":{"line":98,"column":12},"end":{"line":98,"column":39}},"42":{"start":{"line":101,"column":12},"end":{"line":101,"column":62}},"43":{"start":{"line":107,"column":4},"end":{"line":107,"column":75}},"44":{"start":{"line":107,"column":45},"end":{"line":107,"column":72}},"45":{"start":{"line":111,"column":4},"end":{"line":111,"column":60}},"46":{"start":{"line":111,"column":35},"end":{"line":111,"column":57}},"47":{"start":{"line":112,"column":4},"end":{"line":112,"column":20}},"48":{"start":{"line":114,"column":0},"end":{"line":114,"column":28}}},"branchMap":{"1":{"line":4,"type":"binary-expr","locations":[{"start":{"line":4,"column":36},"end":{"line":4,"column":46}},{"start":{"line":4,"column":50},"end":{"line":4,"column":65}}]},"2":{"line":14,"type":"cond-expr","locations":[{"start":{"line":14,"column":69},"end":{"line":14,"column":74}},{"start":{"line":14,"column":77},"end":{"line":14,"column":81}}]},"3":{"line":19,"type":"if","locations":[{"start":{"line":19,"column":12},"end":{"line":19,"column":12}},{"start":{"line":19,"column":12},"end":{"line":19,"column":12}}]},"4":{"line":19,"type":"binary-expr","locations":[{"start":{"line":19,"column":16},"end":{"line":19,"column":36}},{"start":{"line":19,"column":40},"end":{"line":19,"column":65}}]},"5":{"line":30,"type":"if","locations":[{"start":{"line":30,"column":12},"end":{"line":30,"column":12}},{"start":{"line":30,"column":12},"end":{"line":30,"column":12}}]},"6":{"line":31,"type":"cond-expr","locations":[{"start":{"line":31,"column":48},"end":{"line":31,"column":53}},{"start":{"line":31,"column":56},"end":{"line":31,"column":72}}]},"7":{"line":41,"type":"if","locations":[{"start":{"line":41,"column":12},"end":{"line":41,"column":12}},{"start":{"line":41,"column":12},"end":{"line":41,"column":12}}]},"8":{"line":49,"type":"if","locations":[{"start":{"line":49,"column":12},"end":{"line":49,"column":12}},{"start":{"line":49,"column":12},"end":{"line":49,"column":12}}]},"9":{"line":61,"type":"cond-expr","locations":[{"start":{"line":61,"column":50},"end":{"line":61,"column":72}},{"start":{"line":61,"column":75},"end":{"line":61,"column":91}}]},"10":{"line":66,"type":"cond-expr","locations":[{"start":{"line":66,"column":69},"end":{"line":66,"column":80}},{"start":{"line":66,"column":83},"end":{"line":66,"column":88}}]},"11":{"line":72,"type":"if","locations":[{"start":{"line":72,"column":12},"end":{"line":72,"column":12}},{"start":{"line":72,"column":12},"end":{"line":72,"column":12}}]},"12":{"line":83,"type":"if","locations":[{"start":{"line":83,"column":12},"end":{"line":83,"column":12}},{"start":{"line":83,"column":12},"end":{"line":83,"column":12}}]},"13":{"line":97,"type":"if","locations":[{"start":{"line":97,"column":8},"end":{"line":97,"column":8}},{"start":{"line":97,"column":8},"end":{"line":97,"column":8}}]}}},"/Users/magnusandy/Documents/j8InJS/dist/errors.js":{"path":"/Users/magnusandy/Documents/j8InJS/dist/errors.js","s":{"1":1,"2":1,"3":1,"4":1,"5":1},"b":{"1":[1,1]},"f":{"1":1},"fnMap":{"1":{"name":"(anonymous_1)","line":4,"loc":{"start":{"line":4,"column":1},"end":{"line":4,"column":19}}}},"statementMap":{"1":{"start":{"line":2,"column":0},"end":{"line":2,"column":62}},"2":{"start":{"line":3,"column":0},"end":{"line":3,"column":11}},"3":{"start":{"line":4,"column":0},"end":{"line":7,"column":53}},"4":{"start":{"line":5,"column":4},"end":{"line":5,"column":64}},"5":{"start":{"line":6,"column":4},"end":{"line":6,"column":60}}},"branchMap":{"1":{"line":7,"type":"binary-expr","locations":[{"start":{"line":7,"column":12},"end":{"line":7,"column":26}},{"start":{"line":7,"column":31},"end":{"line":7,"column":50}}]}}},"/Users/magnusandy/Documents/j8InJS/dist/functions.js":{"path":"/Users/magnusandy/Documents/j8InJS/dist/functions.js","s":{"1":1,"2":1,"3":0,"4":1,"5":0,"6":1,"7":74,"8":151,"9":0,"10":0,"11":0,"12":1,"13":11,"14":143,"15":1,"16":1,"17":27,"18":3,"19":24,"20":19,"21":5},"b":{"1":[3,24],"2":[19,5]},"f":{"1":0,"2":0,"3":1,"4":0,"5":74,"6":151,"7":0,"8":0,"9":11,"10":143,"11":1,"12":27},"fnMap":{"1":{"name":"(anonymous_1)","line":11,"loc":{"start":{"line":11,"column":10},"end":{"line":11,"column":22}}},"2":{"name":"(anonymous_2)","line":12,"loc":{"start":{"line":12,"column":15},"end":{"line":12,"column":28}}},"3":{"name":"(anonymous_3)","line":17,"loc":{"start":{"line":17,"column":12},"end":{"line":17,"column":24}}},"4":{"name":"(anonymous_4)","line":18,"loc":{"start":{"line":18,"column":15},"end":{"line":18,"column":28}}},"5":{"name":"(anonymous_5)","line":25,"loc":{"start":{"line":25,"column":14},"end":{"line":25,"column":26}}},"6":{"name":"(anonymous_6)","line":26,"loc":{"start":{"line":26,"column":15},"end":{"line":26,"column":28}}},"7":{"name":"(anonymous_7)","line":31,"loc":{"start":{"line":31,"column":12},"end":{"line":31,"column":24}}},"8":{"name":"(anonymous_8)","line":32,"loc":{"start":{"line":32,"column":15},"end":{"line":32,"column":28}}},"9":{"name":"(anonymous_9)","line":43,"loc":{"start":{"line":43,"column":21},"end":{"line":43,"column":33}}},"10":{"name":"(anonymous_10)","line":44,"loc":{"start":{"line":44,"column":15},"end":{"line":44,"column":33}}},"11":{"name":"(anonymous_11)","line":52,"loc":{"start":{"line":52,"column":13},"end":{"line":52,"column":25}}},"12":{"name":"(anonymous_12)","line":53,"loc":{"start":{"line":53,"column":15},"end":{"line":53,"column":33}}}},"statementMap":{"1":{"start":{"line":2,"column":0},"end":{"line":2,"column":62}},"2":{"start":{"line":7,"column":0},"end":{"line":20,"column":2}},"3":{"start":{"line":12,"column":8},"end":{"line":12,"column":32}},"4":{"start":{"line":18,"column":8},"end":{"line":18,"column":55}},"5":{"start":{"line":18,"column":30},"end":{"line":18,"column":52}},"6":{"start":{"line":21,"column":0},"end":{"line":37,"column":2}},"7":{"start":{"line":26,"column":8},"end":{"line":26,"column":42}},"8":{"start":{"line":26,"column":30},"end":{"line":26,"column":39}},"9":{"start":{"line":32,"column":8},"end":{"line":35,"column":10}},"10":{"start":{"line":33,"column":12},"end":{"line":33,"column":27}},"11":{"start":{"line":34,"column":12},"end":{"line":34,"column":21}},"12":{"start":{"line":38,"column":0},"end":{"line":46,"column":2}},"13":{"start":{"line":44,"column":8},"end":{"line":44,"column":55}},"14":{"start":{"line":44,"column":35},"end":{"line":44,"column":52}},"15":{"start":{"line":47,"column":0},"end":{"line":65,"column":2}},"16":{"start":{"line":53,"column":8},"end":{"line":63,"column":10}},"17":{"start":{"line":54,"column":12},"end":{"line":62,"column":13}},"18":{"start":{"line":55,"column":16},"end":{"line":55,"column":26}},"19":{"start":{"line":57,"column":17},"end":{"line":62,"column":13}},"20":{"start":{"line":58,"column":16},"end":{"line":58,"column":25}},"21":{"start":{"line":61,"column":16},"end":{"line":61,"column":25}}},"branchMap":{"1":{"line":54,"type":"if","locations":[{"start":{"line":54,"column":12},"end":{"line":54,"column":12}},{"start":{"line":54,"column":12},"end":{"line":54,"column":12}}]},"2":{"line":57,"type":"if","locations":[{"start":{"line":57,"column":17},"end":{"line":57,"column":17}},{"start":{"line":57,"column":17},"end":{"line":57,"column":17}}]}}},"/Users/magnusandy/Documents/j8InJS/dist/processor.js":{"path":"/Users/magnusandy/Documents/j8InJS/dist/processor.js","s":{"1":1,"2":1,"3":0,"4":0,"5":0,"6":0,"7":1,"8":11,"9":1,"10":11,"11":11,"12":1,"13":1,"14":1,"15":79,"16":13,"17":12,"18":20,"19":3,"20":1,"21":1,"22":5,"23":1,"24":1,"25":1,"26":1,"27":136,"28":1,"29":314,"30":1,"31":222,"32":1,"33":654,"34":1,"35":1,"36":1,"37":1,"38":112,"39":1,"40":215,"41":1,"42":534,"43":1,"44":1,"45":1,"46":1,"47":3,"48":3,"49":3,"50":3,"51":1,"52":7,"53":7,"54":7,"55":0,"56":1,"57":35,"58":1,"59":7,"60":1,"61":35,"62":1,"63":1,"64":1,"65":1,"66":20,"67":20,"68":20,"69":20,"70":1,"71":40,"72":1,"73":98,"74":1,"75":104,"76":104,"77":1,"78":65,"79":17,"80":17,"81":48,"82":1,"83":17,"84":17,"85":17,"86":79,"87":164,"88":79,"89":79,"90":53,"91":17,"92":17,"93":1,"94":1,"95":1,"96":1,"97":1,"98":1,"99":1,"100":1,"101":1,"102":1,"103":1,"104":1,"105":1,"106":1,"107":11,"108":11,"109":1,"110":11,"111":1,"112":1,"113":10,"114":1,"115":10,"116":1,"117":11,"118":1,"119":1,"120":1,"121":1,"122":79,"123":79,"124":79,"125":1,"126":139,"127":1,"128":1,"129":1,"130":1,"131":1,"132":1,"133":1,"134":1,"135":0,"136":0,"137":0,"138":1,"139":1,"140":1,"141":1,"142":13,"143":13,"144":13,"145":1,"146":36,"147":1,"148":1,"149":1,"150":1,"151":1,"152":1,"153":1,"154":1,"155":0,"156":0,"157":0,"158":0,"159":0,"160":1,"161":1,"162":1,"163":1,"164":12,"165":12,"166":12,"167":12,"168":1,"169":73,"170":1,"171":41,"172":28,"173":13,"174":12,"175":12,"176":12,"177":12,"178":1,"179":1,"180":1,"181":1,"182":1,"183":1,"184":1,"185":1,"186":1,"187":13,"188":1,"189":8,"190":6,"191":2,"192":2,"193":2,"194":2,"195":2,"196":0,"197":1,"198":1,"199":1,"200":1,"201":5,"202":5,"203":5,"204":1,"205":26,"206":1},"b":{"1":[1,1,1],"2":[1,0,0,0],"3":[0,0],"4":[0,11],"5":[654,0],"6":[112,112,112],"7":[3,3],"8":[7,0],"9":[20,20],"10":[84,20],"11":[104,102],"12":[17,48],"13":[53,26],"14":[1,1],"15":[10,1],"16":[11,11],"17":[1,10],"18":[79,0],"19":[1,0],"20":[13,0],"21":[1,0],"22":[0,0],"23":[12,0],"24":[73,41],"25":[28,13],"26":[12,1],"27":[12,0],"28":[1,0],"29":[13,11,5],"30":[6,2],"31":[8,7],"32":[2,0],"33":[2,0],"34":[5,0]},"f":{"1":1,"2":0,"3":0,"4":11,"5":11,"6":79,"7":13,"8":12,"9":20,"10":3,"11":1,"12":1,"13":5,"14":1,"15":1,"16":1,"17":136,"18":314,"19":222,"20":654,"21":1,"22":112,"23":215,"24":534,"25":1,"26":3,"27":7,"28":35,"29":7,"30":35,"31":1,"32":20,"33":40,"34":98,"35":104,"36":65,"37":17,"38":79,"39":164,"40":1,"41":1,"42":1,"43":11,"44":11,"45":10,"46":11,"47":1,"48":79,"49":139,"50":1,"51":1,"52":0,"53":1,"54":13,"55":36,"56":1,"57":1,"58":0,"59":1,"60":12,"61":73,"62":41,"63":1,"64":1,"65":13,"66":8,"67":1,"68":5,"69":26},"fnMap":{"1":{"name":"(anonymous_1)","line":2,"loc":{"start":{"line":2,"column":45},"end":{"line":2,"column":57}}},"2":{"name":"(anonymous_2)","line":4,"loc":{"start":{"line":4,"column":47},"end":{"line":4,"column":63}}},"3":{"name":"(anonymous_3)","line":5,"loc":{"start":{"line":5,"column":8},"end":{"line":5,"column":24}}},"4":{"name":"(anonymous_4)","line":6,"loc":{"start":{"line":6,"column":11},"end":{"line":6,"column":27}}},"5":{"name":"__","line":8,"loc":{"start":{"line":8,"column":8},"end":{"line":8,"column":22}}},"6":{"name":"(anonymous_6)","line":15,"loc":{"start":{"line":15,"column":18},"end":{"line":15,"column":41}}},"7":{"name":"(anonymous_7)","line":16,"loc":{"start":{"line":16,"column":21},"end":{"line":16,"column":42}}},"8":{"name":"(anonymous_8)","line":17,"loc":{"start":{"line":17,"column":26},"end":{"line":17,"column":49}}},"9":{"name":"(anonymous_9)","line":18,"loc":{"start":{"line":18,"column":23},"end":{"line":18,"column":45}}},"10":{"name":"(anonymous_10)","line":19,"loc":{"start":{"line":19,"column":20},"end":{"line":19,"column":37}}},"11":{"name":"(anonymous_11)","line":20,"loc":{"start":{"line":20,"column":28},"end":{"line":20,"column":51}}},"12":{"name":"(anonymous_12)","line":21,"loc":{"start":{"line":21,"column":19},"end":{"line":21,"column":39}}},"13":{"name":"(anonymous_13)","line":22,"loc":{"start":{"line":22,"column":30},"end":{"line":22,"column":53}}},"14":{"name":"(anonymous_14)","line":23,"loc":{"start":{"line":23,"column":19},"end":{"line":23,"column":43}}},"15":{"name":"(anonymous_15)","line":24,"loc":{"start":{"line":24,"column":19},"end":{"line":24,"column":41}}},"16":{"name":"(anonymous_16)","line":30,"loc":{"start":{"line":30,"column":39},"end":{"line":30,"column":51}}},"17":{"name":"AbstractProcessor","line":31,"loc":{"start":{"line":31,"column":4},"end":{"line":31,"column":33}}},"18":{"name":"(anonymous_18)","line":34,"loc":{"start":{"line":34,"column":38},"end":{"line":34,"column":55}}},"19":{"name":"(anonymous_19)","line":37,"loc":{"start":{"line":37,"column":48},"end":{"line":37,"column":60}}},"20":{"name":"(anonymous_20)","line":40,"loc":{"start":{"line":40,"column":42},"end":{"line":40,"column":54}}},"21":{"name":"(anonymous_21)","line":48,"loc":{"start":{"line":48,"column":44},"end":{"line":48,"column":62}}},"22":{"name":"PureStatelessProcessor","line":50,"loc":{"start":{"line":50,"column":4},"end":{"line":50,"column":38}}},"23":{"name":"(anonymous_23)","line":53,"loc":{"start":{"line":53,"column":51},"end":{"line":53,"column":63}}},"24":{"name":"(anonymous_24)","line":56,"loc":{"start":{"line":56,"column":56},"end":{"line":56,"column":68}}},"25":{"name":"(anonymous_25)","line":61,"loc":{"start":{"line":61,"column":36},"end":{"line":61,"column":54}}},"26":{"name":"LimitProcessor","line":63,"loc":{"start":{"line":63,"column":4},"end":{"line":63,"column":35}}},"27":{"name":"(anonymous_27)","line":69,"loc":{"start":{"line":69,"column":49},"end":{"line":69,"column":61}}},"28":{"name":"(anonymous_28)","line":78,"loc":{"start":{"line":78,"column":39},"end":{"line":78,"column":51}}},"29":{"name":"(anonymous_29)","line":81,"loc":{"start":{"line":81,"column":43},"end":{"line":81,"column":55}}},"30":{"name":"(anonymous_30)","line":84,"loc":{"start":{"line":84,"column":48},"end":{"line":84,"column":60}}},"31":{"name":"(anonymous_31)","line":93,"loc":{"start":{"line":93,"column":39},"end":{"line":93,"column":57}}},"32":{"name":"DistinctProcessor","line":95,"loc":{"start":{"line":95,"column":4},"end":{"line":95,"column":43}}},"33":{"name":"(anonymous_33)","line":101,"loc":{"start":{"line":101,"column":46},"end":{"line":101,"column":58}}},"34":{"name":"(anonymous_34)","line":104,"loc":{"start":{"line":104,"column":51},"end":{"line":104,"column":63}}},"35":{"name":"(anonymous_35)","line":107,"loc":{"start":{"line":107,"column":42},"end":{"line":107,"column":54}}},"36":{"name":"(anonymous_36)","line":111,"loc":{"start":{"line":111,"column":52},"end":{"line":111,"column":64}}},"37":{"name":"(anonymous_37)","line":120,"loc":{"start":{"line":120,"column":48},"end":{"line":120,"column":60}}},"38":{"name":"(anonymous_38)","line":123,"loc":{"start":{"line":123,"column":28},"end":{"line":123,"column":44}}},"39":{"name":"(anonymous_39)","line":125,"loc":{"start":{"line":125,"column":32},"end":{"line":125,"column":52}}},"40":{"name":"(anonymous_40)","line":136,"loc":{"start":{"line":136,"column":35},"end":{"line":136,"column":53}}},"41":{"name":"SortProcessor","line":138,"loc":{"start":{"line":138,"column":4},"end":{"line":138,"column":39}}},"42":{"name":"(anonymous_42)","line":144,"loc":{"start":{"line":144,"column":44},"end":{"line":144,"column":56}}},"43":{"name":"(anonymous_43)","line":150,"loc":{"start":{"line":150,"column":38},"end":{"line":150,"column":50}}},"44":{"name":"(anonymous_44)","line":154,"loc":{"start":{"line":154,"column":48},"end":{"line":154,"column":60}}},"45":{"name":"(anonymous_45)","line":163,"loc":{"start":{"line":163,"column":42},"end":{"line":163,"column":54}}},"46":{"name":"(anonymous_46)","line":166,"loc":{"start":{"line":166,"column":47},"end":{"line":166,"column":59}}},"47":{"name":"(anonymous_47)","line":175,"loc":{"start":{"line":175,"column":34},"end":{"line":175,"column":52}}},"48":{"name":"MapProcessor","line":177,"loc":{"start":{"line":177,"column":4},"end":{"line":177,"column":39}}},"49":{"name":"(anonymous_49)","line":183,"loc":{"start":{"line":183,"column":47},"end":{"line":183,"column":59}}},"50":{"name":"(anonymous_50)","line":192,"loc":{"start":{"line":192,"column":35},"end":{"line":192,"column":53}}},"51":{"name":"PeekProcessor","line":194,"loc":{"start":{"line":194,"column":4},"end":{"line":194,"column":37}}},"52":{"name":"(anonymous_52)","line":199,"loc":{"start":{"line":199,"column":48},"end":{"line":199,"column":60}}},"53":{"name":"(anonymous_53)","line":210,"loc":{"start":{"line":210,"column":37},"end":{"line":210,"column":55}}},"54":{"name":"FilterProcessor","line":212,"loc":{"start":{"line":212,"column":4},"end":{"line":212,"column":40}}},"55":{"name":"(anonymous_55)","line":217,"loc":{"start":{"line":217,"column":50},"end":{"line":217,"column":62}}},"56":{"name":"(anonymous_56)","line":226,"loc":{"start":{"line":226,"column":35},"end":{"line":226,"column":53}}},"57":{"name":"SkipProcessor","line":228,"loc":{"start":{"line":228,"column":4},"end":{"line":228,"column":41}}},"58":{"name":"(anonymous_58)","line":233,"loc":{"start":{"line":233,"column":48},"end":{"line":233,"column":60}}},"59":{"name":"(anonymous_59)","line":250,"loc":{"start":{"line":250,"column":42},"end":{"line":250,"column":60}}},"60":{"name":"ListFlatMapProcessor","line":252,"loc":{"start":{"line":252,"column":4},"end":{"line":252,"column":47}}},"61":{"name":"(anonymous_61)","line":258,"loc":{"start":{"line":258,"column":45},"end":{"line":258,"column":57}}},"62":{"name":"(anonymous_62)","line":261,"loc":{"start":{"line":261,"column":55},"end":{"line":261,"column":67}}},"63":{"name":"(anonymous_63)","line":281,"loc":{"start":{"line":281,"column":44},"end":{"line":281,"column":62}}},"64":{"name":"StreamFlatMapProcessor","line":283,"loc":{"start":{"line":283,"column":4},"end":{"line":283,"column":49}}},"65":{"name":"(anonymous_65)","line":288,"loc":{"start":{"line":288,"column":47},"end":{"line":288,"column":59}}},"66":{"name":"(anonymous_66)","line":291,"loc":{"start":{"line":291,"column":57},"end":{"line":291,"column":69}}},"67":{"name":"(anonymous_67)","line":310,"loc":{"start":{"line":310,"column":46},"end":{"line":310,"column":64}}},"68":{"name":"OptionalFlatMapProcessor","line":312,"loc":{"start":{"line":312,"column":4},"end":{"line":312,"column":51}}},"69":{"name":"(anonymous_69)","line":317,"loc":{"start":{"line":317,"column":59},"end":{"line":317,"column":71}}}},"statementMap":{"1":{"start":{"line":2,"column":0},"end":{"line":11,"column":5}},"2":{"start":{"line":3,"column":4},"end":{"line":5,"column":83}},"3":{"start":{"line":4,"column":65},"end":{"line":4,"column":81}},"4":{"start":{"line":5,"column":26},"end":{"line":5,"column":80}},"5":{"start":{"line":5,"column":43},"end":{"line":5,"column":80}},"6":{"start":{"line":5,"column":68},"end":{"line":5,"column":80}},"7":{"start":{"line":6,"column":4},"end":{"line":10,"column":6}},"8":{"start":{"line":7,"column":8},"end":{"line":7,"column":28}},"9":{"start":{"line":8,"column":8},"end":{"line":8,"column":47}},"10":{"start":{"line":8,"column":24},"end":{"line":8,"column":45}},"11":{"start":{"line":9,"column":8},"end":{"line":9,"column":93}},"12":{"start":{"line":12,"column":0},"end":{"line":12,"column":62}},"13":{"start":{"line":13,"column":0},"end":{"line":13,"column":39}},"14":{"start":{"line":14,"column":0},"end":{"line":25,"column":2}},"15":{"start":{"line":15,"column":43},"end":{"line":15,"column":80}},"16":{"start":{"line":16,"column":44},"end":{"line":16,"column":82}},"17":{"start":{"line":17,"column":51},"end":{"line":17,"column":96}},"18":{"start":{"line":18,"column":47},"end":{"line":18,"column":88}},"19":{"start":{"line":19,"column":39},"end":{"line":19,"column":72}},"20":{"start":{"line":20,"column":53},"end":{"line":20,"column":100}},"21":{"start":{"line":21,"column":41},"end":{"line":21,"column":76}},"22":{"start":{"line":22,"column":55},"end":{"line":22,"column":104}},"23":{"start":{"line":23,"column":45},"end":{"line":23,"column":84}},"24":{"start":{"line":24,"column":43},"end":{"line":24,"column":80}},"25":{"start":{"line":30,"column":0},"end":{"line":44,"column":5}},"26":{"start":{"line":31,"column":4},"end":{"line":33,"column":5}},"27":{"start":{"line":32,"column":8},"end":{"line":32,"column":25}},"28":{"start":{"line":34,"column":4},"end":{"line":36,"column":6}},"29":{"start":{"line":35,"column":8},"end":{"line":35,"column":32}},"30":{"start":{"line":37,"column":4},"end":{"line":39,"column":6}},"31":{"start":{"line":38,"column":8},"end":{"line":38,"column":67}},"32":{"start":{"line":40,"column":4},"end":{"line":42,"column":6}},"33":{"start":{"line":41,"column":8},"end":{"line":41,"column":60}},"34":{"start":{"line":43,"column":4},"end":{"line":43,"column":29}},"35":{"start":{"line":48,"column":0},"end":{"line":60,"column":22}},"36":{"start":{"line":49,"column":4},"end":{"line":49,"column":46}},"37":{"start":{"line":50,"column":4},"end":{"line":52,"column":5}},"38":{"start":{"line":51,"column":8},"end":{"line":51,"column":72}},"39":{"start":{"line":53,"column":4},"end":{"line":55,"column":6}},"40":{"start":{"line":54,"column":8},"end":{"line":54,"column":20}},"41":{"start":{"line":56,"column":4},"end":{"line":58,"column":6}},"42":{"start":{"line":57,"column":8},"end":{"line":57,"column":21}},"43":{"start":{"line":59,"column":4},"end":{"line":59,"column":34}},"44":{"start":{"line":61,"column":0},"end":{"line":88,"column":22}},"45":{"start":{"line":62,"column":4},"end":{"line":62,"column":38}},"46":{"start":{"line":63,"column":4},"end":{"line":68,"column":5}},"47":{"start":{"line":64,"column":8},"end":{"line":64,"column":46}},"48":{"start":{"line":65,"column":8},"end":{"line":65,"column":28}},"49":{"start":{"line":66,"column":8},"end":{"line":66,"column":24}},"50":{"start":{"line":67,"column":8},"end":{"line":67,"column":21}},"51":{"start":{"line":69,"column":4},"end":{"line":77,"column":6}},"52":{"start":{"line":70,"column":8},"end":{"line":76,"column":9}},"53":{"start":{"line":71,"column":12},"end":{"line":71,"column":25}},"54":{"start":{"line":72,"column":12},"end":{"line":72,"column":40}},"55":{"start":{"line":75,"column":12},"end":{"line":75,"column":47}},"56":{"start":{"line":78,"column":4},"end":{"line":80,"column":6}},"57":{"start":{"line":79,"column":8},"end":{"line":79,"column":41}},"58":{"start":{"line":81,"column":4},"end":{"line":83,"column":6}},"59":{"start":{"line":82,"column":8},"end":{"line":82,"column":20}},"60":{"start":{"line":84,"column":4},"end":{"line":86,"column":6}},"61":{"start":{"line":85,"column":8},"end":{"line":85,"column":20}},"62":{"start":{"line":87,"column":4},"end":{"line":87,"column":26}},"63":{"start":{"line":93,"column":0},"end":{"line":135,"column":22}},"64":{"start":{"line":94,"column":4},"end":{"line":94,"column":41}},"65":{"start":{"line":95,"column":4},"end":{"line":100,"column":5}},"66":{"start":{"line":96,"column":8},"end":{"line":96,"column":46}},"67":{"start":{"line":97,"column":8},"end":{"line":97,"column":38}},"68":{"start":{"line":98,"column":8},"end":{"line":98,"column":57}},"69":{"start":{"line":99,"column":8},"end":{"line":99,"column":21}},"70":{"start":{"line":101,"column":4},"end":{"line":103,"column":6}},"71":{"start":{"line":102,"column":8},"end":{"line":102,"column":21}},"72":{"start":{"line":104,"column":4},"end":{"line":106,"column":6}},"73":{"start":{"line":105,"column":8},"end":{"line":105,"column":21}},"74":{"start":{"line":107,"column":4},"end":{"line":110,"column":6}},"75":{"start":{"line":108,"column":8},"end":{"line":108,"column":120}},"76":{"start":{"line":109,"column":8},"end":{"line":109,"column":72}},"77":{"start":{"line":111,"column":4},"end":{"line":119,"column":6}},"78":{"start":{"line":112,"column":8},"end":{"line":118,"column":9}},"79":{"start":{"line":113,"column":12},"end":{"line":113,"column":33}},"80":{"start":{"line":114,"column":12},"end":{"line":114,"column":44}},"81":{"start":{"line":117,"column":12},"end":{"line":117,"column":83}},"82":{"start":{"line":120,"column":4},"end":{"line":133,"column":6}},"83":{"start":{"line":121,"column":8},"end":{"line":121,"column":25}},"84":{"start":{"line":122,"column":8},"end":{"line":122,"column":30}},"85":{"start":{"line":123,"column":8},"end":{"line":130,"column":11}},"86":{"start":{"line":125,"column":12},"end":{"line":125,"column":97}},"87":{"start":{"line":125,"column":54},"end":{"line":125,"column":94}},"88":{"start":{"line":126,"column":12},"end":{"line":126,"column":67}},"89":{"start":{"line":127,"column":12},"end":{"line":129,"column":13}},"90":{"start":{"line":128,"column":16},"end":{"line":128,"column":40}},"91":{"start":{"line":131,"column":8},"end":{"line":131,"column":25}},"92":{"start":{"line":132,"column":8},"end":{"line":132,"column":65}},"93":{"start":{"line":134,"column":4},"end":{"line":134,"column":29}},"94":{"start":{"line":136,"column":0},"end":{"line":170,"column":22}},"95":{"start":{"line":137,"column":4},"end":{"line":137,"column":37}},"96":{"start":{"line":138,"column":4},"end":{"line":143,"column":5}},"97":{"start":{"line":139,"column":8},"end":{"line":139,"column":46}},"98":{"start":{"line":140,"column":8},"end":{"line":140,"column":38}},"99":{"start":{"line":141,"column":8},"end":{"line":141,"column":55}},"100":{"start":{"line":142,"column":8},"end":{"line":142,"column":21}},"101":{"start":{"line":144,"column":4},"end":{"line":149,"column":6}},"102":{"start":{"line":145,"column":8},"end":{"line":145,"column":39}},"103":{"start":{"line":146,"column":8},"end":{"line":146,"column":35}},"104":{"start":{"line":147,"column":8},"end":{"line":147,"column":25}},"105":{"start":{"line":148,"column":8},"end":{"line":148,"column":55}},"106":{"start":{"line":150,"column":4},"end":{"line":153,"column":6}},"107":{"start":{"line":151,"column":8},"end":{"line":151,"column":114}},"108":{"start":{"line":152,"column":8},"end":{"line":152,"column":70}},"109":{"start":{"line":154,"column":4},"end":{"line":162,"column":6}},"110":{"start":{"line":155,"column":8},"end":{"line":161,"column":9}},"111":{"start":{"line":156,"column":12},"end":{"line":156,"column":33}},"112":{"start":{"line":157,"column":12},"end":{"line":157,"column":44}},"113":{"start":{"line":160,"column":12},"end":{"line":160,"column":81}},"114":{"start":{"line":163,"column":4},"end":{"line":165,"column":6}},"115":{"start":{"line":164,"column":8},"end":{"line":164,"column":21}},"116":{"start":{"line":166,"column":4},"end":{"line":168,"column":6}},"117":{"start":{"line":167,"column":8},"end":{"line":167,"column":21}},"118":{"start":{"line":169,"column":4},"end":{"line":169,"column":25}},"119":{"start":{"line":175,"column":0},"end":{"line":187,"column":27}},"120":{"start":{"line":176,"column":4},"end":{"line":176,"column":36}},"121":{"start":{"line":177,"column":4},"end":{"line":181,"column":5}},"122":{"start":{"line":178,"column":8},"end":{"line":178,"column":46}},"123":{"start":{"line":179,"column":8},"end":{"line":179,"column":40}},"124":{"start":{"line":180,"column":8},"end":{"line":180,"column":21}},"125":{"start":{"line":183,"column":4},"end":{"line":185,"column":6}},"126":{"start":{"line":184,"column":8},"end":{"line":184,"column":58}},"127":{"start":{"line":186,"column":4},"end":{"line":186,"column":24}},"128":{"start":{"line":192,"column":0},"end":{"line":205,"column":27}},"129":{"start":{"line":193,"column":4},"end":{"line":193,"column":37}},"130":{"start":{"line":194,"column":4},"end":{"line":198,"column":5}},"131":{"start":{"line":195,"column":8},"end":{"line":195,"column":46}},"132":{"start":{"line":196,"column":8},"end":{"line":196,"column":34}},"133":{"start":{"line":197,"column":8},"end":{"line":197,"column":21}},"134":{"start":{"line":199,"column":4},"end":{"line":203,"column":6}},"135":{"start":{"line":200,"column":8},"end":{"line":200,"column":40}},"136":{"start":{"line":201,"column":8},"end":{"line":201,"column":38}},"137":{"start":{"line":202,"column":8},"end":{"line":202,"column":20}},"138":{"start":{"line":204,"column":4},"end":{"line":204,"column":25}},"139":{"start":{"line":210,"column":0},"end":{"line":221,"column":27}},"140":{"start":{"line":211,"column":4},"end":{"line":211,"column":39}},"141":{"start":{"line":212,"column":4},"end":{"line":216,"column":5}},"142":{"start":{"line":213,"column":8},"end":{"line":213,"column":46}},"143":{"start":{"line":214,"column":8},"end":{"line":214,"column":36}},"144":{"start":{"line":215,"column":8},"end":{"line":215,"column":21}},"145":{"start":{"line":217,"column":4},"end":{"line":219,"column":6}},"146":{"start":{"line":218,"column":8},"end":{"line":218,"column":59}},"147":{"start":{"line":220,"column":4},"end":{"line":220,"column":27}},"148":{"start":{"line":226,"column":0},"end":{"line":244,"column":27}},"149":{"start":{"line":227,"column":4},"end":{"line":227,"column":37}},"150":{"start":{"line":228,"column":4},"end":{"line":232,"column":5}},"151":{"start":{"line":229,"column":8},"end":{"line":229,"column":46}},"152":{"start":{"line":230,"column":8},"end":{"line":230,"column":42}},"153":{"start":{"line":231,"column":8},"end":{"line":231,"column":21}},"154":{"start":{"line":233,"column":4},"end":{"line":242,"column":6}},"155":{"start":{"line":234,"column":8},"end":{"line":241,"column":9}},"156":{"start":{"line":235,"column":12},"end":{"line":235,"column":54}},"157":{"start":{"line":236,"column":12},"end":{"line":236,"column":33}},"158":{"start":{"line":237,"column":12},"end":{"line":237,"column":47}},"159":{"start":{"line":240,"column":12},"end":{"line":240,"column":40}},"160":{"start":{"line":243,"column":4},"end":{"line":243,"column":25}},"161":{"start":{"line":250,"column":0},"end":{"line":275,"column":27}},"162":{"start":{"line":251,"column":4},"end":{"line":251,"column":44}},"163":{"start":{"line":252,"column":4},"end":{"line":257,"column":5}},"164":{"start":{"line":253,"column":8},"end":{"line":253,"column":46}},"165":{"start":{"line":254,"column":8},"end":{"line":254,"column":40}},"166":{"start":{"line":255,"column":8},"end":{"line":255,"column":30}},"167":{"start":{"line":256,"column":8},"end":{"line":256,"column":21}},"168":{"start":{"line":258,"column":4},"end":{"line":260,"column":6}},"169":{"start":{"line":259,"column":8},"end":{"line":259,"column":70}},"170":{"start":{"line":261,"column":4},"end":{"line":273,"column":6}},"171":{"start":{"line":262,"column":8},"end":{"line":271,"column":9}},"172":{"start":{"line":263,"column":12},"end":{"line":263,"column":75}},"173":{"start":{"line":265,"column":13},"end":{"line":271,"column":9}},"174":{"start":{"line":266,"column":12},"end":{"line":266,"column":50}},"175":{"start":{"line":267,"column":12},"end":{"line":270,"column":13}},"176":{"start":{"line":268,"column":16},"end":{"line":268,"column":69}},"177":{"start":{"line":269,"column":16},"end":{"line":269,"column":48}},"178":{"start":{"line":272,"column":8},"end":{"line":272,"column":43}},"179":{"start":{"line":274,"column":4},"end":{"line":274,"column":32}},"180":{"start":{"line":281,"column":0},"end":{"line":305,"column":27}},"181":{"start":{"line":282,"column":4},"end":{"line":282,"column":46}},"182":{"start":{"line":283,"column":4},"end":{"line":287,"column":5}},"183":{"start":{"line":284,"column":8},"end":{"line":284,"column":46}},"184":{"start":{"line":285,"column":8},"end":{"line":285,"column":40}},"185":{"start":{"line":286,"column":8},"end":{"line":286,"column":21}},"186":{"start":{"line":288,"column":4},"end":{"line":290,"column":6}},"187":{"start":{"line":289,"column":8},"end":{"line":289,"column":104}},"188":{"start":{"line":291,"column":4},"end":{"line":303,"column":6}},"189":{"start":{"line":292,"column":8},"end":{"line":301,"column":9}},"190":{"start":{"line":293,"column":12},"end":{"line":293,"column":52}},"191":{"start":{"line":295,"column":13},"end":{"line":301,"column":9}},"192":{"start":{"line":296,"column":12},"end":{"line":296,"column":50}},"193":{"start":{"line":297,"column":12},"end":{"line":300,"column":13}},"194":{"start":{"line":298,"column":16},"end":{"line":298,"column":93}},"195":{"start":{"line":299,"column":16},"end":{"line":299,"column":48}},"196":{"start":{"line":302,"column":8},"end":{"line":302,"column":43}},"197":{"start":{"line":304,"column":4},"end":{"line":304,"column":34}},"198":{"start":{"line":310,"column":0},"end":{"line":321,"column":27}},"199":{"start":{"line":311,"column":4},"end":{"line":311,"column":48}},"200":{"start":{"line":312,"column":4},"end":{"line":316,"column":5}},"201":{"start":{"line":313,"column":8},"end":{"line":313,"column":46}},"202":{"start":{"line":314,"column":8},"end":{"line":314,"column":40}},"203":{"start":{"line":315,"column":8},"end":{"line":315,"column":21}},"204":{"start":{"line":317,"column":4},"end":{"line":319,"column":6}},"205":{"start":{"line":318,"column":8},"end":{"line":318,"column":62}},"206":{"start":{"line":320,"column":4},"end":{"line":320,"column":36}}},"branchMap":{"1":{"line":2,"type":"binary-expr","locations":[{"start":{"line":2,"column":17},"end":{"line":2,"column":21}},{"start":{"line":2,"column":25},"end":{"line":2,"column":39}},{"start":{"line":2,"column":44},"end":{"line":11,"column":4}}]},"2":{"line":3,"type":"binary-expr","locations":[{"start":{"line":3,"column":24},"end":{"line":3,"column":45}},{"start":{"line":4,"column":9},"end":{"line":4,"column":43}},{"start":{"line":4,"column":47},"end":{"line":4,"column":83}},{"start":{"line":5,"column":8},"end":{"line":5,"column":82}}]},"3":{"line":5,"type":"if","locations":[{"start":{"line":5,"column":43},"end":{"line":5,"column":43}},{"start":{"line":5,"column":43},"end":{"line":5,"column":43}}]},"4":{"line":9,"type":"cond-expr","locations":[{"start":{"line":9,"column":35},"end":{"line":9,"column":51}},{"start":{"line":9,"column":55},"end":{"line":9,"column":91}}]},"5":{"line":41,"type":"cond-expr","locations":[{"start":{"line":41,"column":29},"end":{"line":41,"column":51}},{"start":{"line":41,"column":54},"end":{"line":41,"column":59}}]},"6":{"line":51,"type":"binary-expr","locations":[{"start":{"line":51,"column":15},"end":{"line":51,"column":30}},{"start":{"line":51,"column":34},"end":{"line":51,"column":63}},{"start":{"line":51,"column":67},"end":{"line":51,"column":71}}]},"7":{"line":64,"type":"binary-expr","locations":[{"start":{"line":64,"column":20},"end":{"line":64,"column":37}},{"start":{"line":64,"column":41},"end":{"line":64,"column":45}}]},"8":{"line":70,"type":"if","locations":[{"start":{"line":70,"column":8},"end":{"line":70,"column":8}},{"start":{"line":70,"column":8},"end":{"line":70,"column":8}}]},"9":{"line":96,"type":"binary-expr","locations":[{"start":{"line":96,"column":20},"end":{"line":96,"column":37}},{"start":{"line":96,"column":41},"end":{"line":96,"column":45}}]},"10":{"line":108,"type":"cond-expr","locations":[{"start":{"line":108,"column":77},"end":{"line":108,"column":111}},{"start":{"line":108,"column":114},"end":{"line":108,"column":119}}]},"11":{"line":109,"type":"binary-expr","locations":[{"start":{"line":109,"column":15},"end":{"line":109,"column":37}},{"start":{"line":109,"column":41},"end":{"line":109,"column":71}}]},"12":{"line":112,"type":"if","locations":[{"start":{"line":112,"column":8},"end":{"line":112,"column":8}},{"start":{"line":112,"column":8},"end":{"line":112,"column":8}}]},"13":{"line":127,"type":"if","locations":[{"start":{"line":127,"column":12},"end":{"line":127,"column":12}},{"start":{"line":127,"column":12},"end":{"line":127,"column":12}}]},"14":{"line":139,"type":"binary-expr","locations":[{"start":{"line":139,"column":20},"end":{"line":139,"column":37}},{"start":{"line":139,"column":41},"end":{"line":139,"column":45}}]},"15":{"line":151,"type":"cond-expr","locations":[{"start":{"line":151,"column":73},"end":{"line":151,"column":105}},{"start":{"line":151,"column":108},"end":{"line":151,"column":113}}]},"16":{"line":152,"type":"binary-expr","locations":[{"start":{"line":152,"column":15},"end":{"line":152,"column":37}},{"start":{"line":152,"column":41},"end":{"line":152,"column":69}}]},"17":{"line":155,"type":"if","locations":[{"start":{"line":155,"column":8},"end":{"line":155,"column":8}},{"start":{"line":155,"column":8},"end":{"line":155,"column":8}}]},"18":{"line":178,"type":"binary-expr","locations":[{"start":{"line":178,"column":20},"end":{"line":178,"column":37}},{"start":{"line":178,"column":41},"end":{"line":178,"column":45}}]},"19":{"line":195,"type":"binary-expr","locations":[{"start":{"line":195,"column":20},"end":{"line":195,"column":37}},{"start":{"line":195,"column":41},"end":{"line":195,"column":45}}]},"20":{"line":213,"type":"binary-expr","locations":[{"start":{"line":213,"column":20},"end":{"line":213,"column":37}},{"start":{"line":213,"column":41},"end":{"line":213,"column":45}}]},"21":{"line":229,"type":"binary-expr","locations":[{"start":{"line":229,"column":20},"end":{"line":229,"column":37}},{"start":{"line":229,"column":41},"end":{"line":229,"column":45}}]},"22":{"line":234,"type":"if","locations":[{"start":{"line":234,"column":8},"end":{"line":234,"column":8}},{"start":{"line":234,"column":8},"end":{"line":234,"column":8}}]},"23":{"line":253,"type":"binary-expr","locations":[{"start":{"line":253,"column":20},"end":{"line":253,"column":37}},{"start":{"line":253,"column":41},"end":{"line":253,"column":45}}]},"24":{"line":259,"type":"binary-expr","locations":[{"start":{"line":259,"column":16},"end":{"line":259,"column":42}},{"start":{"line":259,"column":46},"end":{"line":259,"column":68}}]},"25":{"line":262,"type":"if","locations":[{"start":{"line":262,"column":8},"end":{"line":262,"column":8}},{"start":{"line":262,"column":8},"end":{"line":262,"column":8}}]},"26":{"line":265,"type":"if","locations":[{"start":{"line":265,"column":13},"end":{"line":265,"column":13}},{"start":{"line":265,"column":13},"end":{"line":265,"column":13}}]},"27":{"line":267,"type":"if","locations":[{"start":{"line":267,"column":12},"end":{"line":267,"column":12}},{"start":{"line":267,"column":12},"end":{"line":267,"column":12}}]},"28":{"line":284,"type":"binary-expr","locations":[{"start":{"line":284,"column":20},"end":{"line":284,"column":37}},{"start":{"line":284,"column":41},"end":{"line":284,"column":45}}]},"29":{"line":289,"type":"binary-expr","locations":[{"start":{"line":289,"column":17},"end":{"line":289,"column":39}},{"start":{"line":289,"column":43},"end":{"line":289,"column":75}},{"start":{"line":289,"column":80},"end":{"line":289,"column":102}}]},"30":{"line":292,"type":"if","locations":[{"start":{"line":292,"column":8},"end":{"line":292,"column":8}},{"start":{"line":292,"column":8},"end":{"line":292,"column":8}}]},"31":{"line":292,"type":"binary-expr","locations":[{"start":{"line":292,"column":12},"end":{"line":292,"column":34}},{"start":{"line":292,"column":38},"end":{"line":292,"column":70}}]},"32":{"line":295,"type":"if","locations":[{"start":{"line":295,"column":13},"end":{"line":295,"column":13}},{"start":{"line":295,"column":13},"end":{"line":295,"column":13}}]},"33":{"line":297,"type":"if","locations":[{"start":{"line":297,"column":12},"end":{"line":297,"column":12}},{"start":{"line":297,"column":12},"end":{"line":297,"column":12}}]},"34":{"line":313,"type":"binary-expr","locations":[{"start":{"line":313,"column":20},"end":{"line":313,"column":37}},{"start":{"line":313,"column":41},"end":{"line":313,"column":45}}]}}},"/Users/magnusandy/Documents/j8InJS/dist/processorPipeline.js":{"path":"/Users/magnusandy/Documents/j8InJS/dist/processorPipeline.js","s":{"1":1,"2":1,"3":0,"4":0,"5":0,"6":0,"7":1,"8":1,"9":1,"10":1,"11":1,"12":1,"13":1,"14":1,"15":1,"16":1,"17":1,"18":67,"19":67,"20":67,"21":67,"22":1,"23":237,"24":1,"25":33,"26":33,"27":33,"28":1,"29":34,"30":34,"31":34,"32":34,"33":34,"34":1,"35":143,"36":120,"37":120,"38":103,"39":17,"40":23,"41":1,"42":1,"43":1,"44":1,"45":105,"46":105,"47":105,"48":1,"49":49,"50":1,"51":35,"52":1,"53":102,"54":1,"55":1311,"56":1,"57":3,"58":1,"59":273,"60":1,"61":268,"62":1,"63":654,"64":28,"65":28,"66":626,"67":626,"68":1,"69":49,"70":49,"71":49,"72":71,"73":71,"74":71,"75":49,"76":1,"77":219,"78":17,"79":202,"80":202,"81":202,"82":202,"83":202,"84":0,"85":1,"86":268,"87":1,"88":1,"89":1,"90":1,"91":1,"92":33,"93":33,"94":33,"95":1,"96":357,"97":1,"98":125,"99":1},"b":{"1":[1,1,1],"2":[1,0,0,0],"3":[0,0],"4":[0,1],"5":[120,23],"6":[103,17],"7":[28,626],"8":[28,0],"9":[28,14],"10":[626,0],"11":[626,553],"12":[49,0],"13":[71,0],"14":[17,202],"15":[219,24],"16":[202,0],"17":[202,0],"18":[219,49],"19":[33,33]},"f":{"1":1,"2":0,"3":0,"4":1,"5":1,"6":1,"7":67,"8":237,"9":33,"10":34,"11":143,"12":1,"13":105,"14":49,"15":35,"16":102,"17":1311,"18":3,"19":273,"20":268,"21":654,"22":49,"23":219,"24":268,"25":1,"26":33,"27":357,"28":125},"fnMap":{"1":{"name":"(anonymous_1)","line":2,"loc":{"start":{"line":2,"column":45},"end":{"line":2,"column":57}}},"2":{"name":"(anonymous_2)","line":4,"loc":{"start":{"line":4,"column":47},"end":{"line":4,"column":63}}},"3":{"name":"(anonymous_3)","line":5,"loc":{"start":{"line":5,"column":8},"end":{"line":5,"column":24}}},"4":{"name":"(anonymous_4)","line":6,"loc":{"start":{"line":6,"column":11},"end":{"line":6,"column":27}}},"5":{"name":"__","line":8,"loc":{"start":{"line":8,"column":8},"end":{"line":8,"column":22}}},"6":{"name":"(anonymous_6)","line":22,"loc":{"start":{"line":22,"column":39},"end":{"line":22,"column":51}}},"7":{"name":"ProcessorPipeline","line":23,"loc":{"start":{"line":23,"column":4},"end":{"line":23,"column":64}}},"8":{"name":"(anonymous_8)","line":34,"loc":{"start":{"line":34,"column":42},"end":{"line":34,"column":54}}},"9":{"name":"(anonymous_9)","line":41,"loc":{"start":{"line":41,"column":31},"end":{"line":41,"column":49}}},"10":{"name":"(anonymous_10)","line":50,"loc":{"start":{"line":50,"column":47},"end":{"line":50,"column":73}}},"11":{"name":"(anonymous_11)","line":62,"loc":{"start":{"line":62,"column":48},"end":{"line":62,"column":60}}},"12":{"name":"(anonymous_12)","line":80,"loc":{"start":{"line":80,"column":35},"end":{"line":80,"column":47}}},"13":{"name":"ProcessorNode","line":81,"loc":{"start":{"line":81,"column":4},"end":{"line":81,"column":38}}},"14":{"name":"(anonymous_14)","line":86,"loc":{"start":{"line":86,"column":53},"end":{"line":86,"column":65}}},"15":{"name":"(anonymous_15)","line":89,"loc":{"start":{"line":89,"column":42},"end":{"line":89,"column":58}}},"16":{"name":"(anonymous_16)","line":92,"loc":{"start":{"line":92,"column":46},"end":{"line":92,"column":75}}},"17":{"name":"(anonymous_17)","line":95,"loc":{"start":{"line":95,"column":46},"end":{"line":95,"column":58}}},"18":{"name":"(anonymous_18)","line":98,"loc":{"start":{"line":98,"column":42},"end":{"line":98,"column":54}}},"19":{"name":"(anonymous_19)","line":101,"loc":{"start":{"line":101,"column":39},"end":{"line":101,"column":56}}},"20":{"name":"(anonymous_20)","line":104,"loc":{"start":{"line":104,"column":42},"end":{"line":104,"column":54}}},"21":{"name":"(anonymous_21)","line":107,"loc":{"start":{"line":107,"column":38},"end":{"line":107,"column":50}}},"22":{"name":"(anonymous_22)","line":121,"loc":{"start":{"line":121,"column":49},"end":{"line":121,"column":61}}},"23":{"name":"(anonymous_23)","line":138,"loc":{"start":{"line":138,"column":43},"end":{"line":138,"column":55}}},"24":{"name":"(anonymous_24)","line":162,"loc":{"start":{"line":162,"column":48},"end":{"line":162,"column":60}}},"25":{"name":"(anonymous_25)","line":174,"loc":{"start":{"line":174,"column":46},"end":{"line":174,"column":64}}},"26":{"name":"InitialFeedProcessorNode","line":176,"loc":{"start":{"line":176,"column":4},"end":{"line":176,"column":48}}},"27":{"name":"(anonymous_27)","line":181,"loc":{"start":{"line":181,"column":49},"end":{"line":181,"column":61}}},"28":{"name":"(anonymous_28)","line":184,"loc":{"start":{"line":184,"column":59},"end":{"line":184,"column":71}}}},"statementMap":{"1":{"start":{"line":2,"column":0},"end":{"line":11,"column":5}},"2":{"start":{"line":3,"column":4},"end":{"line":5,"column":83}},"3":{"start":{"line":4,"column":65},"end":{"line":4,"column":81}},"4":{"start":{"line":5,"column":26},"end":{"line":5,"column":80}},"5":{"start":{"line":5,"column":43},"end":{"line":5,"column":80}},"6":{"start":{"line":5,"column":68},"end":{"line":5,"column":80}},"7":{"start":{"line":6,"column":4},"end":{"line":10,"column":6}},"8":{"start":{"line":7,"column":8},"end":{"line":7,"column":28}},"9":{"start":{"line":8,"column":8},"end":{"line":8,"column":47}},"10":{"start":{"line":8,"column":24},"end":{"line":8,"column":45}},"11":{"start":{"line":9,"column":8},"end":{"line":9,"column":93}},"12":{"start":{"line":12,"column":0},"end":{"line":12,"column":62}},"13":{"start":{"line":13,"column":0},"end":{"line":13,"column":41}},"14":{"start":{"line":14,"column":0},"end":{"line":14,"column":39}},"15":{"start":{"line":15,"column":0},"end":{"line":15,"column":41}},"16":{"start":{"line":22,"column":0},"end":{"line":75,"column":5}},"17":{"start":{"line":23,"column":4},"end":{"line":28,"column":5}},"18":{"start":{"line":24,"column":8},"end":{"line":24,"column":39}},"19":{"start":{"line":25,"column":8},"end":{"line":25,"column":38}},"20":{"start":{"line":26,"column":8},"end":{"line":26,"column":38}},"21":{"start":{"line":27,"column":8},"end":{"line":27,"column":61}},"22":{"start":{"line":34,"column":4},"end":{"line":36,"column":6}},"23":{"start":{"line":35,"column":8},"end":{"line":35,"column":44}},"24":{"start":{"line":41,"column":4},"end":{"line":45,"column":6}},"25":{"start":{"line":42,"column":8},"end":{"line":42,"column":63}},"26":{"start":{"line":43,"column":8},"end":{"line":43,"column":109}},"27":{"start":{"line":44,"column":8},"end":{"line":44,"column":62}},"28":{"start":{"line":50,"column":4},"end":{"line":56,"column":6}},"29":{"start":{"line":51,"column":8},"end":{"line":51,"column":56}},"30":{"start":{"line":52,"column":8},"end":{"line":52,"column":41}},"31":{"start":{"line":53,"column":8},"end":{"line":53,"column":37}},"32":{"start":{"line":54,"column":8},"end":{"line":54,"column":41}},"33":{"start":{"line":55,"column":8},"end":{"line":55,"column":84}},"34":{"start":{"line":62,"column":4},"end":{"line":73,"column":6}},"35":{"start":{"line":63,"column":8},"end":{"line":71,"column":9}},"36":{"start":{"line":64,"column":12},"end":{"line":64,"column":71}},"37":{"start":{"line":65,"column":12},"end":{"line":70,"column":13}},"38":{"start":{"line":66,"column":16},"end":{"line":66,"column":37}},"39":{"start":{"line":69,"column":16},"end":{"line":69,"column":44}},"40":{"start":{"line":72,"column":8},"end":{"line":72,"column":43}},"41":{"start":{"line":74,"column":4},"end":{"line":74,"column":29}},"42":{"start":{"line":76,"column":0},"end":{"line":76,"column":46}},"43":{"start":{"line":80,"column":0},"end":{"line":168,"column":5}},"44":{"start":{"line":81,"column":4},"end":{"line":85,"column":5}},"45":{"start":{"line":82,"column":8},"end":{"line":82,"column":56}},"46":{"start":{"line":83,"column":8},"end":{"line":83,"column":39}},"47":{"start":{"line":84,"column":8},"end":{"line":84,"column":52}},"48":{"start":{"line":86,"column":4},"end":{"line":88,"column":6}},"49":{"start":{"line":87,"column":8},"end":{"line":87,"column":54}},"50":{"start":{"line":89,"column":4},"end":{"line":91,"column":6}},"51":{"start":{"line":90,"column":8},"end":{"line":90,"column":53}},"52":{"start":{"line":92,"column":4},"end":{"line":94,"column":6}},"53":{"start":{"line":93,"column":8},"end":{"line":93,"column":70}},"54":{"start":{"line":95,"column":4},"end":{"line":97,"column":6}},"55":{"start":{"line":96,"column":8},"end":{"line":96,"column":33}},"56":{"start":{"line":98,"column":4},"end":{"line":100,"column":6}},"57":{"start":{"line":99,"column":8},"end":{"line":99,"column":29}},"58":{"start":{"line":101,"column":4},"end":{"line":103,"column":6}},"59":{"start":{"line":102,"column":8},"end":{"line":102,"column":38}},"60":{"start":{"line":104,"column":4},"end":{"line":106,"column":6}},"61":{"start":{"line":105,"column":8},"end":{"line":105,"column":48}},"62":{"start":{"line":107,"column":4},"end":{"line":116,"column":6}},"63":{"start":{"line":108,"column":8},"end":{"line":115,"column":9}},"64":{"start":{"line":109,"column":12},"end":{"line":109,"column":128}},"65":{"start":{"line":110,"column":12},"end":{"line":110,"column":77}},"66":{"start":{"line":113,"column":12},"end":{"line":113,"column":128}},"67":{"start":{"line":114,"column":12},"end":{"line":114,"column":77}},"68":{"start":{"line":121,"column":4},"end":{"line":133,"column":6}},"69":{"start":{"line":122,"column":8},"end":{"line":130,"column":9}},"70":{"start":{"line":123,"column":12},"end":{"line":123,"column":55}},"71":{"start":{"line":124,"column":12},"end":{"line":129,"column":13}},"72":{"start":{"line":125,"column":16},"end":{"line":125,"column":67}},"73":{"start":{"line":126,"column":16},"end":{"line":128,"column":17}},"74":{"start":{"line":127,"column":20},"end":{"line":127,"column":53}},"75":{"start":{"line":131,"column":8},"end":{"line":131,"column":45}},"76":{"start":{"line":138,"column":4},"end":{"line":150,"column":6}},"77":{"start":{"line":139,"column":8},"end":{"line":148,"column":9}},"78":{"start":{"line":140,"column":12},"end":{"line":140,"column":58}},"79":{"start":{"line":142,"column":13},"end":{"line":148,"column":9}},"80":{"start":{"line":143,"column":12},"end":{"line":143,"column":77}},"81":{"start":{"line":144,"column":12},"end":{"line":147,"column":13}},"82":{"start":{"line":145,"column":16},"end":{"line":145,"column":52}},"83":{"start":{"line":146,"column":16},"end":{"line":146,"column":62}},"84":{"start":{"line":149,"column":8},"end":{"line":149,"column":43}},"85":{"start":{"line":162,"column":4},"end":{"line":166,"column":6}},"86":{"start":{"line":163,"column":8},"end":{"line":165,"column":40}},"87":{"start":{"line":167,"column":4},"end":{"line":167,"column":25}},"88":{"start":{"line":169,"column":0},"end":{"line":169,"column":38}},"89":{"start":{"line":174,"column":0},"end":{"line":188,"column":18}},"90":{"start":{"line":175,"column":4},"end":{"line":175,"column":48}},"91":{"start":{"line":176,"column":4},"end":{"line":180,"column":5}},"92":{"start":{"line":177,"column":8},"end":{"line":177,"column":118}},"93":{"start":{"line":178,"column":8},"end":{"line":178,"column":32}},"94":{"start":{"line":179,"column":8},"end":{"line":179,"column":21}},"95":{"start":{"line":181,"column":4},"end":{"line":183,"column":6}},"96":{"start":{"line":182,"column":8},"end":{"line":182,"column":37}},"97":{"start":{"line":184,"column":4},"end":{"line":186,"column":6}},"98":{"start":{"line":185,"column":8},"end":{"line":185,"column":65}},"99":{"start":{"line":187,"column":4},"end":{"line":187,"column":36}}},"branchMap":{"1":{"line":2,"type":"binary-expr","locations":[{"start":{"line":2,"column":17},"end":{"line":2,"column":21}},{"start":{"line":2,"column":25},"end":{"line":2,"column":39}},{"start":{"line":2,"column":44},"end":{"line":11,"column":4}}]},"2":{"line":3,"type":"binary-expr","locations":[{"start":{"line":3,"column":24},"end":{"line":3,"column":45}},{"start":{"line":4,"column":9},"end":{"line":4,"column":43}},{"start":{"line":4,"column":47},"end":{"line":4,"column":83}},{"start":{"line":5,"column":8},"end":{"line":5,"column":82}}]},"3":{"line":5,"type":"if","locations":[{"start":{"line":5,"column":43},"end":{"line":5,"column":43}},{"start":{"line":5,"column":43},"end":{"line":5,"column":43}}]},"4":{"line":9,"type":"cond-expr","locations":[{"start":{"line":9,"column":35},"end":{"line":9,"column":51}},{"start":{"line":9,"column":55},"end":{"line":9,"column":91}}]},"5":{"line":63,"type":"if","locations":[{"start":{"line":63,"column":8},"end":{"line":63,"column":8}},{"start":{"line":63,"column":8},"end":{"line":63,"column":8}}]},"6":{"line":65,"type":"if","locations":[{"start":{"line":65,"column":12},"end":{"line":65,"column":12}},{"start":{"line":65,"column":12},"end":{"line":65,"column":12}}]},"7":{"line":108,"type":"if","locations":[{"start":{"line":108,"column":8},"end":{"line":108,"column":8}},{"start":{"line":108,"column":8},"end":{"line":108,"column":8}}]},"8":{"line":109,"type":"cond-expr","locations":[{"start":{"line":109,"column":81},"end":{"line":109,"column":119}},{"start":{"line":109,"column":122},"end":{"line":109,"column":127}}]},"9":{"line":110,"type":"binary-expr","locations":[{"start":{"line":110,"column":19},"end":{"line":110,"column":47}},{"start":{"line":110,"column":51},"end":{"line":110,"column":76}}]},"10":{"line":113,"type":"cond-expr","locations":[{"start":{"line":113,"column":81},"end":{"line":113,"column":119}},{"start":{"line":113,"column":122},"end":{"line":113,"column":127}}]},"11":{"line":114,"type":"binary-expr","locations":[{"start":{"line":114,"column":19},"end":{"line":114,"column":47}},{"start":{"line":114,"column":51},"end":{"line":114,"column":76}}]},"12":{"line":122,"type":"if","locations":[{"start":{"line":122,"column":8},"end":{"line":122,"column":8}},{"start":{"line":122,"column":8},"end":{"line":122,"column":8}}]},"13":{"line":126,"type":"if","locations":[{"start":{"line":126,"column":16},"end":{"line":126,"column":16}},{"start":{"line":126,"column":16},"end":{"line":126,"column":16}}]},"14":{"line":139,"type":"if","locations":[{"start":{"line":139,"column":8},"end":{"line":139,"column":8}},{"start":{"line":139,"column":8},"end":{"line":139,"column":8}}]},"15":{"line":139,"type":"binary-expr","locations":[{"start":{"line":139,"column":12},"end":{"line":139,"column":40}},{"start":{"line":139,"column":44},"end":{"line":139,"column":82}}]},"16":{"line":142,"type":"if","locations":[{"start":{"line":142,"column":13},"end":{"line":142,"column":13}},{"start":{"line":142,"column":13},"end":{"line":142,"column":13}}]},"17":{"line":144,"type":"if","locations":[{"start":{"line":144,"column":12},"end":{"line":144,"column":12}},{"start":{"line":144,"column":12},"end":{"line":144,"column":12}}]},"18":{"line":163,"type":"cond-expr","locations":[{"start":{"line":164,"column":14},"end":{"line":164,"column":33}},{"start":{"line":165,"column":14},"end":{"line":165,"column":39}}]},"19":{"line":177,"type":"binary-expr","locations":[{"start":{"line":177,"column":20},"end":{"line":177,"column":109}},{"start":{"line":177,"column":113},"end":{"line":177,"column":117}}]}}},"/Users/magnusandy/Documents/j8InJS/dist/stream.js":{"path":"/Users/magnusandy/Documents/j8InJS/dist/stream.js","s":{"1":1,"2":1,"3":1,"4":1,"5":1,"6":1,"7":1,"8":1,"9":14,"10":7,"11":7,"12":27,"13":7,"14":0,"15":5,"16":1,"17":0,"18":5,"19":1,"20":0,"21":1,"22":1,"23":67,"24":67,"25":1,"26":34,"27":1,"28":94,"29":1,"30":32,"31":1,"32":0,"33":0,"34":0,"35":0,"36":0,"37":1,"38":12,"39":1,"40":26,"41":1,"42":1,"43":1,"44":33,"45":1,"46":0,"47":1,"48":5,"49":1,"50":126,"51":126,"52":1,"53":0,"54":0,"55":0,"56":0,"57":0,"58":0,"59":1,"60":0,"61":0,"62":0,"63":0,"64":0,"65":0,"66":1,"67":0,"68":0,"69":0,"70":0,"71":0,"72":0,"73":1,"74":0,"75":0,"76":0,"77":0,"78":0,"79":0,"80":1,"81":0,"82":1,"83":0,"84":1,"85":0,"86":0,"87":0,"88":0,"89":0,"90":0,"91":1,"92":19,"93":19,"94":19,"95":68,"96":68,"97":19,"98":1,"99":2,"100":2,"101":1,"102":1,"103":1,"104":1,"105":1,"106":1,"107":1,"108":4,"109":4,"110":1,"111":5,"112":5,"113":1,"114":5,"115":5,"116":1,"117":1,"118":1,"119":1,"120":11,"121":11,"122":11,"123":1,"124":1,"125":1,"126":1,"127":1,"128":3,"129":3,"130":1,"131":2,"132":2,"133":5,"134":5,"135":1,"136":0,"137":1,"138":0,"139":0,"140":0,"141":0,"142":0,"143":0,"144":0,"145":0,"146":0,"147":1,"148":0,"149":0,"150":0,"151":0,"152":0,"153":0,"154":0,"155":0,"156":0,"157":1,"158":0,"159":0,"160":0,"161":0,"162":0,"163":0,"164":0,"165":0,"166":1,"167":5,"168":1},"b":{"1":[0,0],"2":[0,0],"3":[0,0],"4":[0,0],"5":[0,0],"6":[0,11],"7":[0,1],"8":[0,0],"9":[0,0],"10":[0,0],"11":[0,0],"12":[0,0]},"f":{"1":14,"2":7,"3":0,"4":5,"5":1,"6":0,"7":5,"8":1,"9":0,"10":1,"11":67,"12":34,"13":94,"14":32,"15":0,"16":12,"17":26,"18":1,"19":33,"20":0,"21":5,"22":126,"23":0,"24":0,"25":0,"26":0,"27":0,"28":0,"29":0,"30":19,"31":2,"32":1,"33":1,"34":4,"35":5,"36":5,"37":1,"38":11,"39":1,"40":3,"41":2,"42":0,"43":0,"44":0,"45":0,"46":5},"fnMap":{"1":{"name":"(anonymous_1)","line":15,"loc":{"start":{"line":15,"column":8},"end":{"line":15,"column":26}}},"2":{"name":"(anonymous_2)","line":22,"loc":{"start":{"line":22,"column":14},"end":{"line":22,"column":26}}},"3":{"name":"(anonymous_3)","line":33,"loc":{"start":{"line":33,"column":13},"end":{"line":33,"column":30}}},"4":{"name":"(anonymous_4)","line":39,"loc":{"start":{"line":39,"column":11},"end":{"line":39,"column":23}}},"5":{"name":"(anonymous_5)","line":47,"loc":{"start":{"line":47,"column":14},"end":{"line":47,"column":34}}},"6":{"name":"(anonymous_6)","line":57,"loc":{"start":{"line":57,"column":13},"end":{"line":57,"column":38}}},"7":{"name":"(anonymous_7)","line":65,"loc":{"start":{"line":65,"column":12},"end":{"line":65,"column":30}}},"8":{"name":"(anonymous_8)","line":83,"loc":{"start":{"line":83,"column":11},"end":{"line":83,"column":57}}},"9":{"name":"(anonymous_9)","line":100,"loc":{"start":{"line":100,"column":17},"end":{"line":100,"column":63}}},"10":{"name":"(anonymous_10)","line":108,"loc":{"start":{"line":108,"column":36},"end":{"line":108,"column":48}}},"11":{"name":"PipelineStream","line":109,"loc":{"start":{"line":109,"column":4},"end":{"line":109,"column":38}}},"12":{"name":"(anonymous_12)","line":113,"loc":{"start":{"line":113,"column":43},"end":{"line":113,"column":64}}},"13":{"name":"(anonymous_13)","line":117,"loc":{"start":{"line":117,"column":39},"end":{"line":117,"column":51}}},"14":{"name":"(anonymous_14)","line":120,"loc":{"start":{"line":120,"column":39},"end":{"line":120,"column":51}}},"15":{"name":"(anonymous_15)","line":123,"loc":{"start":{"line":123,"column":42},"end":{"line":123,"column":62}}},"16":{"name":"(anonymous_16)","line":133,"loc":{"start":{"line":133,"column":46},"end":{"line":133,"column":58}}},"17":{"name":"(anonymous_17)","line":136,"loc":{"start":{"line":136,"column":24},"end":{"line":136,"column":42}}},"18":{"name":"(anonymous_18)","line":139,"loc":{"start":{"line":139,"column":32},"end":{"line":139,"column":52}}},"19":{"name":"(anonymous_19)","line":142,"loc":{"start":{"line":142,"column":30},"end":{"line":142,"column":48}}},"20":{"name":"(anonymous_20)","line":145,"loc":{"start":{"line":145,"column":27},"end":{"line":145,"column":39}}},"21":{"name":"(anonymous_21)","line":148,"loc":{"start":{"line":148,"column":28},"end":{"line":148,"column":56}}},"22":{"name":"(anonymous_22)","line":152,"loc":{"start":{"line":152,"column":52},"end":{"line":152,"column":64}}},"23":{"name":"(anonymous_23)","line":157,"loc":{"start":{"line":157,"column":40},"end":{"line":157,"column":61}}},"24":{"name":"(anonymous_24)","line":167,"loc":{"start":{"line":167,"column":41},"end":{"line":167,"column":62}}},"25":{"name":"(anonymous_25)","line":177,"loc":{"start":{"line":177,"column":40},"end":{"line":177,"column":61}}},"26":{"name":"(anonymous_26)","line":187,"loc":{"start":{"line":187,"column":37},"end":{"line":187,"column":49}}},"27":{"name":"(anonymous_27)","line":196,"loc":{"start":{"line":196,"column":41},"end":{"line":196,"column":53}}},"28":{"name":"(anonymous_28)","line":199,"loc":{"start":{"line":199,"column":39},"end":{"line":199,"column":51}}},"29":{"name":"(anonymous_29)","line":202,"loc":{"start":{"line":202,"column":45},"end":{"line":202,"column":88}}},"30":{"name":"(anonymous_30)","line":211,"loc":{"start":{"line":211,"column":39},"end":{"line":211,"column":60}}},"31":{"name":"(anonymous_31)","line":220,"loc":{"start":{"line":220,"column":35},"end":{"line":220,"column":58}}},"32":{"name":"(anonymous_32)","line":224,"loc":{"start":{"line":224,"column":36},"end":{"line":224,"column":56}}},"33":{"name":"(anonymous_33)","line":228,"loc":{"start":{"line":228,"column":39},"end":{"line":228,"column":62}}},"34":{"name":"(anonymous_34)","line":232,"loc":{"start":{"line":232,"column":43},"end":{"line":232,"column":66}}},"35":{"name":"(anonymous_35)","line":236,"loc":{"start":{"line":236,"column":47},"end":{"line":236,"column":70}}},"36":{"name":"(anonymous_36)","line":240,"loc":{"start":{"line":240,"column":38},"end":{"line":240,"column":59}}},"37":{"name":"(anonymous_37)","line":244,"loc":{"start":{"line":244,"column":36},"end":{"line":244,"column":49}}},"38":{"name":"(anonymous_38)","line":248,"loc":{"start":{"line":248,"column":40},"end":{"line":248,"column":66}}},"39":{"name":"(anonymous_39)","line":253,"loc":{"start":{"line":253,"column":38},"end":{"line":253,"column":60}}},"40":{"name":"(anonymous_40)","line":258,"loc":{"start":{"line":258,"column":37},"end":{"line":258,"column":56}}},"41":{"name":"(anonymous_41)","line":262,"loc":{"start":{"line":262,"column":46},"end":{"line":262,"column":66}}},"42":{"name":"(anonymous_42)","line":269,"loc":{"start":{"line":269,"column":39},"end":{"line":269,"column":59}}},"43":{"name":"(anonymous_43)","line":272,"loc":{"start":{"line":272,"column":35},"end":{"line":272,"column":57}}},"44":{"name":"(anonymous_44)","line":285,"loc":{"start":{"line":285,"column":35},"end":{"line":285,"column":57}}},"45":{"name":"(anonymous_45)","line":298,"loc":{"start":{"line":298,"column":38},"end":{"line":298,"column":75}}},"46":{"name":"(anonymous_46)","line":312,"loc":{"start":{"line":312,"column":39},"end":{"line":312,"column":51}}}},"statementMap":{"1":{"start":{"line":2,"column":0},"end":{"line":2,"column":62}},"2":{"start":{"line":3,"column":0},"end":{"line":3,"column":41}},"3":{"start":{"line":4,"column":0},"end":{"line":4,"column":43}},"4":{"start":{"line":5,"column":0},"end":{"line":5,"column":39}},"5":{"start":{"line":6,"column":0},"end":{"line":6,"column":57}},"6":{"start":{"line":7,"column":0},"end":{"line":7,"column":41}},"7":{"start":{"line":8,"column":0},"end":{"line":8,"column":35}},"8":{"start":{"line":10,"column":0},"end":{"line":107,"column":2}},"9":{"start":{"line":16,"column":8},"end":{"line":16,"column":41}},"10":{"start":{"line":23,"column":8},"end":{"line":23,"column":24}},"11":{"start":{"line":24,"column":8},"end":{"line":26,"column":9}},"12":{"start":{"line":25,"column":12},"end":{"line":25,"column":39}},"13":{"start":{"line":27,"column":8},"end":{"line":27,"column":41}},"14":{"start":{"line":34,"column":8},"end":{"line":34,"column":42}},"15":{"start":{"line":40,"column":8},"end":{"line":40,"column":37}},"16":{"start":{"line":48,"column":8},"end":{"line":48,"column":51}},"17":{"start":{"line":58,"column":8},"end":{"line":58,"column":85}},"18":{"start":{"line":66,"column":8},"end":{"line":66,"column":45}},"19":{"start":{"line":84,"column":8},"end":{"line":84,"column":104}},"20":{"start":{"line":101,"column":8},"end":{"line":103,"column":75}},"21":{"start":{"line":108,"column":0},"end":{"line":316,"column":5}},"22":{"start":{"line":109,"column":4},"end":{"line":112,"column":5}},"23":{"start":{"line":110,"column":8},"end":{"line":110,"column":39}},"24":{"start":{"line":111,"column":8},"end":{"line":111,"column":33}},"25":{"start":{"line":113,"column":4},"end":{"line":115,"column":6}},"26":{"start":{"line":114,"column":8},"end":{"line":114,"column":53}},"27":{"start":{"line":117,"column":4},"end":{"line":119,"column":6}},"28":{"start":{"line":118,"column":8},"end":{"line":118,"column":39}},"29":{"start":{"line":120,"column":4},"end":{"line":122,"column":6}},"30":{"start":{"line":121,"column":8},"end":{"line":121,"column":43}},"31":{"start":{"line":123,"column":4},"end":{"line":132,"column":6}},"32":{"start":{"line":124,"column":8},"end":{"line":124,"column":34}},"33":{"start":{"line":125,"column":8},"end":{"line":131,"column":9}},"34":{"start":{"line":126,"column":12},"end":{"line":126,"column":33}},"35":{"start":{"line":127,"column":12},"end":{"line":127,"column":24}},"36":{"start":{"line":130,"column":12},"end":{"line":130,"column":25}},"37":{"start":{"line":133,"column":4},"end":{"line":135,"column":6}},"38":{"start":{"line":134,"column":8},"end":{"line":134,"column":20}},"39":{"start":{"line":136,"column":4},"end":{"line":138,"column":6}},"40":{"start":{"line":137,"column":8},"end":{"line":137,"column":76}},"41":{"start":{"line":139,"column":4},"end":{"line":141,"column":6}},"42":{"start":{"line":140,"column":8},"end":{"line":140,"column":81}},"43":{"start":{"line":142,"column":4},"end":{"line":144,"column":6}},"44":{"start":{"line":143,"column":8},"end":{"line":143,"column":88}},"45":{"start":{"line":145,"column":4},"end":{"line":147,"column":6}},"46":{"start":{"line":146,"column":8},"end":{"line":146,"column":37}},"47":{"start":{"line":148,"column":4},"end":{"line":151,"column":6}},"48":{"start":{"line":149,"column":8},"end":{"line":150,"column":65}},"49":{"start":{"line":152,"column":4},"end":{"line":155,"column":6}},"50":{"start":{"line":153,"column":8},"end":{"line":153,"column":38}},"51":{"start":{"line":154,"column":8},"end":{"line":154,"column":45}},"52":{"start":{"line":157,"column":4},"end":{"line":166,"column":6}},"53":{"start":{"line":158,"column":8},"end":{"line":158,"column":51}},"54":{"start":{"line":159,"column":8},"end":{"line":164,"column":9}},"55":{"start":{"line":160,"column":12},"end":{"line":162,"column":13}},"56":{"start":{"line":161,"column":16},"end":{"line":161,"column":29}},"57":{"start":{"line":163,"column":12},"end":{"line":163,"column":51}},"58":{"start":{"line":165,"column":8},"end":{"line":165,"column":20}},"59":{"start":{"line":167,"column":4},"end":{"line":176,"column":6}},"60":{"start":{"line":168,"column":8},"end":{"line":168,"column":51}},"61":{"start":{"line":169,"column":8},"end":{"line":174,"column":9}},"62":{"start":{"line":170,"column":12},"end":{"line":172,"column":13}},"63":{"start":{"line":171,"column":16},"end":{"line":171,"column":29}},"64":{"start":{"line":173,"column":12},"end":{"line":173,"column":51}},"65":{"start":{"line":175,"column":8},"end":{"line":175,"column":20}},"66":{"start":{"line":177,"column":4},"end":{"line":186,"column":6}},"67":{"start":{"line":178,"column":8},"end":{"line":178,"column":51}},"68":{"start":{"line":179,"column":8},"end":{"line":184,"column":9}},"69":{"start":{"line":180,"column":12},"end":{"line":182,"column":13}},"70":{"start":{"line":181,"column":16},"end":{"line":181,"column":28}},"71":{"start":{"line":183,"column":12},"end":{"line":183,"column":51}},"72":{"start":{"line":185,"column":8},"end":{"line":185,"column":21}},"73":{"start":{"line":187,"column":4},"end":{"line":195,"column":6}},"74":{"start":{"line":188,"column":8},"end":{"line":188,"column":22}},"75":{"start":{"line":189,"column":8},"end":{"line":189,"column":51}},"76":{"start":{"line":190,"column":8},"end":{"line":193,"column":9}},"77":{"start":{"line":191,"column":12},"end":{"line":191,"column":20}},"78":{"start":{"line":192,"column":12},"end":{"line":192,"column":51}},"79":{"start":{"line":194,"column":8},"end":{"line":194,"column":21}},"80":{"start":{"line":196,"column":4},"end":{"line":198,"column":6}},"81":{"start":{"line":197,"column":8},"end":{"line":197,"column":43}},"82":{"start":{"line":199,"column":4},"end":{"line":201,"column":6}},"83":{"start":{"line":200,"column":8},"end":{"line":200,"column":43}},"84":{"start":{"line":202,"column":4},"end":{"line":210,"column":6}},"85":{"start":{"line":203,"column":8},"end":{"line":203,"column":35}},"86":{"start":{"line":204,"column":8},"end":{"line":204,"column":51}},"87":{"start":{"line":205,"column":8},"end":{"line":208,"column":9}},"88":{"start":{"line":206,"column":12},"end":{"line":206,"column":51}},"89":{"start":{"line":207,"column":12},"end":{"line":207,"column":51}},"90":{"start":{"line":209,"column":8},"end":{"line":209,"column":25}},"91":{"start":{"line":211,"column":4},"end":{"line":219,"column":6}},"92":{"start":{"line":212,"column":8},"end":{"line":212,"column":47}},"93":{"start":{"line":213,"column":8},"end":{"line":213,"column":51}},"94":{"start":{"line":214,"column":8},"end":{"line":217,"column":9}},"95":{"start":{"line":215,"column":12},"end":{"line":215,"column":63}},"96":{"start":{"line":216,"column":12},"end":{"line":216,"column":51}},"97":{"start":{"line":218,"column":8},"end":{"line":218,"column":47}},"98":{"start":{"line":220,"column":4},"end":{"line":223,"column":6}},"99":{"start":{"line":221,"column":8},"end":{"line":221,"column":92}},"100":{"start":{"line":222,"column":8},"end":{"line":222,"column":47}},"101":{"start":{"line":224,"column":4},"end":{"line":227,"column":6}},"102":{"start":{"line":225,"column":8},"end":{"line":225,"column":90}},"103":{"start":{"line":226,"column":8},"end":{"line":226,"column":47}},"104":{"start":{"line":228,"column":4},"end":{"line":231,"column":6}},"105":{"start":{"line":229,"column":8},"end":{"line":229,"column":102}},"106":{"start":{"line":230,"column":8},"end":{"line":230,"column":47}},"107":{"start":{"line":232,"column":4},"end":{"line":235,"column":6}},"108":{"start":{"line":233,"column":8},"end":{"line":233,"column":100}},"109":{"start":{"line":234,"column":8},"end":{"line":234,"column":47}},"110":{"start":{"line":236,"column":4},"end":{"line":239,"column":6}},"111":{"start":{"line":237,"column":8},"end":{"line":237,"column":104}},"112":{"start":{"line":238,"column":8},"end":{"line":238,"column":47}},"113":{"start":{"line":240,"column":4},"end":{"line":243,"column":6}},"114":{"start":{"line":241,"column":8},"end":{"line":241,"column":93}},"115":{"start":{"line":242,"column":8},"end":{"line":242,"column":47}},"116":{"start":{"line":244,"column":4},"end":{"line":247,"column":6}},"117":{"start":{"line":245,"column":8},"end":{"line":245,"column":83}},"118":{"start":{"line":246,"column":8},"end":{"line":246,"column":47}},"119":{"start":{"line":248,"column":4},"end":{"line":252,"column":6}},"120":{"start":{"line":249,"column":8},"end":{"line":249,"column":110}},"121":{"start":{"line":250,"column":8},"end":{"line":250,"column":105}},"122":{"start":{"line":251,"column":8},"end":{"line":251,"column":47}},"123":{"start":{"line":253,"column":4},"end":{"line":257,"column":6}},"124":{"start":{"line":254,"column":8},"end":{"line":254,"column":89}},"125":{"start":{"line":255,"column":8},"end":{"line":255,"column":97}},"126":{"start":{"line":256,"column":8},"end":{"line":256,"column":47}},"127":{"start":{"line":258,"column":4},"end":{"line":261,"column":6}},"128":{"start":{"line":259,"column":8},"end":{"line":259,"column":90}},"129":{"start":{"line":260,"column":8},"end":{"line":260,"column":47}},"130":{"start":{"line":262,"column":4},"end":{"line":268,"column":6}},"131":{"start":{"line":263,"column":8},"end":{"line":263,"column":51}},"132":{"start":{"line":264,"column":8},"end":{"line":267,"column":9}},"133":{"start":{"line":265,"column":12},"end":{"line":265,"column":37}},"134":{"start":{"line":266,"column":12},"end":{"line":266,"column":51}},"135":{"start":{"line":269,"column":4},"end":{"line":271,"column":6}},"136":{"start":{"line":270,"column":8},"end":{"line":270,"column":38}},"137":{"start":{"line":272,"column":4},"end":{"line":284,"column":6}},"138":{"start":{"line":273,"column":8},"end":{"line":273,"column":89}},"139":{"start":{"line":274,"column":8},"end":{"line":274,"column":51}},"140":{"start":{"line":275,"column":8},"end":{"line":275,"column":33}},"141":{"start":{"line":276,"column":8},"end":{"line":282,"column":9}},"142":{"start":{"line":277,"column":12},"end":{"line":277,"column":74}},"143":{"start":{"line":278,"column":12},"end":{"line":280,"column":13}},"144":{"start":{"line":279,"column":16},"end":{"line":279,"column":37}},"145":{"start":{"line":281,"column":12},"end":{"line":281,"column":52}},"146":{"start":{"line":283,"column":8},"end":{"line":283,"column":24}},"147":{"start":{"line":285,"column":4},"end":{"line":297,"column":6}},"148":{"start":{"line":286,"column":8},"end":{"line":286,"column":89}},"149":{"start":{"line":287,"column":8},"end":{"line":287,"column":51}},"150":{"start":{"line":288,"column":8},"end":{"line":288,"column":33}},"151":{"start":{"line":289,"column":8},"end":{"line":295,"column":9}},"152":{"start":{"line":290,"column":12},"end":{"line":290,"column":74}},"153":{"start":{"line":291,"column":12},"end":{"line":293,"column":13}},"154":{"start":{"line":292,"column":16},"end":{"line":292,"column":37}},"155":{"start":{"line":294,"column":12},"end":{"line":294,"column":52}},"156":{"start":{"line":296,"column":8},"end":{"line":296,"column":24}},"157":{"start":{"line":298,"column":4},"end":{"line":311,"column":6}},"158":{"start":{"line":299,"column":8},"end":{"line":299,"column":72}},"159":{"start":{"line":300,"column":8},"end":{"line":300,"column":51}},"160":{"start":{"line":301,"column":8},"end":{"line":309,"column":9}},"161":{"start":{"line":302,"column":12},"end":{"line":307,"column":13}},"162":{"start":{"line":303,"column":16},"end":{"line":303,"column":103}},"163":{"start":{"line":306,"column":16},"end":{"line":306,"column":40}},"164":{"start":{"line":308,"column":12},"end":{"line":308,"column":51}},"165":{"start":{"line":310,"column":8},"end":{"line":310,"column":28}},"166":{"start":{"line":312,"column":4},"end":{"line":314,"column":6}},"167":{"start":{"line":313,"column":8},"end":{"line":313,"column":59}},"168":{"start":{"line":315,"column":4},"end":{"line":315,"column":26}}},"branchMap":{"1":{"line":101,"type":"cond-expr","locations":[{"start":{"line":102,"column":14},"end":{"line":102,"column":74}},{"start":{"line":103,"column":14},"end":{"line":103,"column":74}}]},"2":{"line":125,"type":"if","locations":[{"start":{"line":125,"column":8},"end":{"line":125,"column":8}},{"start":{"line":125,"column":8},"end":{"line":125,"column":8}}]},"3":{"line":160,"type":"if","locations":[{"start":{"line":160,"column":12},"end":{"line":160,"column":12}},{"start":{"line":160,"column":12},"end":{"line":160,"column":12}}]},"4":{"line":170,"type":"if","locations":[{"start":{"line":170,"column":12},"end":{"line":170,"column":12}},{"start":{"line":170,"column":12},"end":{"line":170,"column":12}}]},"5":{"line":180,"type":"if","locations":[{"start":{"line":180,"column":12},"end":{"line":180,"column":12}},{"start":{"line":180,"column":12},"end":{"line":180,"column":12}}]},"6":{"line":249,"type":"cond-expr","locations":[{"start":{"line":249,"column":51},"end":{"line":249,"column":65}},{"start":{"line":249,"column":68},"end":{"line":249,"column":109}}]},"7":{"line":254,"type":"cond-expr","locations":[{"start":{"line":254,"column":43},"end":{"line":254,"column":53}},{"start":{"line":254,"column":56},"end":{"line":254,"column":88}}]},"8":{"line":273,"type":"cond-expr","locations":[{"start":{"line":273,"column":43},"end":{"line":273,"column":53}},{"start":{"line":273,"column":56},"end":{"line":273,"column":88}}]},"9":{"line":278,"type":"if","locations":[{"start":{"line":278,"column":12},"end":{"line":278,"column":12}},{"start":{"line":278,"column":12},"end":{"line":278,"column":12}}]},"10":{"line":286,"type":"cond-expr","locations":[{"start":{"line":286,"column":43},"end":{"line":286,"column":53}},{"start":{"line":286,"column":56},"end":{"line":286,"column":88}}]},"11":{"line":291,"type":"if","locations":[{"start":{"line":291,"column":12},"end":{"line":291,"column":12}},{"start":{"line":291,"column":12},"end":{"line":291,"column":12}}]},"12":{"line":302,"type":"if","locations":[{"start":{"line":302,"column":12},"end":{"line":302,"column":12}},{"start":{"line":302,"column":12},"end":{"line":302,"column":12}}]}}},"/Users/magnusandy/Documents/j8InJS/dist/collectors.js":{"path":"/Users/magnusandy/Documents/j8InJS/dist/collectors.js","s":{"1":1,"2":1,"3":1,"4":19,"5":19,"6":19,"7":19,"8":68,"9":19,"10":0,"11":19,"12":19,"13":19,"14":19,"15":19,"16":19,"17":1,"18":19,"19":1,"20":1,"21":1,"22":1,"23":1,"24":19,"25":19,"26":19,"27":68,"28":19,"29":0,"30":19,"31":19,"32":19,"33":1,"34":0,"35":1,"36":1},"b":{},"f":{"1":1,"2":19,"3":19,"4":68,"5":0,"6":19,"7":19,"8":1,"9":0,"10":19,"11":19,"12":68,"13":0,"14":19,"15":0},"fnMap":{"1":{"name":"(anonymous_1)","line":3,"loc":{"start":{"line":3,"column":31},"end":{"line":3,"column":43}}},"2":{"name":"Collector","line":4,"loc":{"start":{"line":4,"column":4},"end":{"line":4,"column":47}}},"3":{"name":"(anonymous_3)","line":6,"loc":{"start":{"line":6,"column":24},"end":{"line":6,"column":36}}},"4":{"name":"(anonymous_4)","line":7,"loc":{"start":{"line":7,"column":27},"end":{"line":7,"column":39}}},"5":{"name":"(anonymous_5)","line":8,"loc":{"start":{"line":8,"column":24},"end":{"line":8,"column":36}}},"6":{"name":"(anonymous_6)","line":9,"loc":{"start":{"line":9,"column":24},"end":{"line":9,"column":36}}},"7":{"name":"(anonymous_7)","line":15,"loc":{"start":{"line":15,"column":19},"end":{"line":15,"column":72}}},"8":{"name":"(anonymous_8)","line":22,"loc":{"start":{"line":22,"column":32},"end":{"line":22,"column":44}}},"9":{"name":"Collectors","line":23,"loc":{"start":{"line":23,"column":4},"end":{"line":23,"column":26}}},"10":{"name":"(anonymous_10)","line":25,"loc":{"start":{"line":25,"column":24},"end":{"line":25,"column":36}}},"11":{"name":"(anonymous_11)","line":26,"loc":{"start":{"line":26,"column":23},"end":{"line":26,"column":35}}},"12":{"name":"(anonymous_12)","line":27,"loc":{"start":{"line":27,"column":26},"end":{"line":27,"column":48}}},"13":{"name":"(anonymous_13)","line":28,"loc":{"start":{"line":28,"column":23},"end":{"line":28,"column":47}}},"14":{"name":"(anonymous_14)","line":29,"loc":{"start":{"line":29,"column":23},"end":{"line":29,"column":39}}},"15":{"name":"(anonymous_15)","line":32,"loc":{"start":{"line":32,"column":25},"end":{"line":32,"column":37}}}},"statementMap":{"1":{"start":{"line":2,"column":0},"end":{"line":2,"column":62}},"2":{"start":{"line":3,"column":0},"end":{"line":19,"column":5}},"3":{"start":{"line":4,"column":4},"end":{"line":14,"column":5}},"4":{"start":{"line":5,"column":8},"end":{"line":5,"column":25}},"5":{"start":{"line":6,"column":8},"end":{"line":6,"column":59}},"6":{"start":{"line":6,"column":38},"end":{"line":6,"column":56}},"7":{"start":{"line":7,"column":8},"end":{"line":7,"column":62}},"8":{"start":{"line":7,"column":41},"end":{"line":7,"column":59}},"9":{"start":{"line":8,"column":8},"end":{"line":8,"column":59}},"10":{"start":{"line":8,"column":38},"end":{"line":8,"column":56}},"11":{"start":{"line":9,"column":8},"end":{"line":9,"column":59}},"12":{"start":{"line":9,"column":38},"end":{"line":9,"column":56}},"13":{"start":{"line":10,"column":8},"end":{"line":10,"column":25}},"14":{"start":{"line":11,"column":8},"end":{"line":11,"column":25}},"15":{"start":{"line":12,"column":8},"end":{"line":12,"column":25}},"16":{"start":{"line":13,"column":8},"end":{"line":13,"column":25}},"17":{"start":{"line":15,"column":4},"end":{"line":17,"column":6}},"18":{"start":{"line":16,"column":8},"end":{"line":16,"column":72}},"19":{"start":{"line":18,"column":4},"end":{"line":18,"column":21}},"20":{"start":{"line":20,"column":0},"end":{"line":20,"column":30}},"21":{"start":{"line":22,"column":0},"end":{"line":36,"column":5}},"22":{"start":{"line":23,"column":4},"end":{"line":24,"column":5}},"23":{"start":{"line":25,"column":4},"end":{"line":31,"column":6}},"24":{"start":{"line":26,"column":8},"end":{"line":26,"column":50}},"25":{"start":{"line":26,"column":37},"end":{"line":26,"column":47}},"26":{"start":{"line":27,"column":8},"end":{"line":27,"column":76}},"27":{"start":{"line":27,"column":50},"end":{"line":27,"column":73}},"28":{"start":{"line":28,"column":8},"end":{"line":28,"column":79}},"29":{"start":{"line":28,"column":49},"end":{"line":28,"column":76}},"30":{"start":{"line":29,"column":8},"end":{"line":29,"column":56}},"31":{"start":{"line":29,"column":41},"end":{"line":29,"column":53}},"32":{"start":{"line":30,"column":8},"end":{"line":30,"column":71}},"33":{"start":{"line":32,"column":4},"end":{"line":34,"column":6}},"34":{"start":{"line":33,"column":8},"end":{"line":33,"column":35}},"35":{"start":{"line":35,"column":4},"end":{"line":35,"column":22}},"36":{"start":{"line":37,"column":0},"end":{"line":37,"column":29}}},"branchMap":{}},"/Users/magnusandy/Documents/j8InJS/dist/source.js":{"path":"/Users/magnusandy/Documents/j8InJS/dist/source.js","s":{"1":1,"2":1,"3":0,"4":0,"5":0,"6":0,"7":1,"8":2,"9":1,"10":2,"11":2,"12":1,"13":1,"14":1,"15":0,"16":1,"17":26,"18":5,"19":1,"20":1,"21":1,"22":1,"23":18,"24":1,"25":1,"26":1,"27":1,"28":0,"29":0,"30":0,"31":0,"32":0,"33":1,"34":0,"35":0,"36":0,"37":0,"38":0,"39":0,"40":1,"41":1,"42":1,"43":1,"44":1,"45":1,"46":1,"47":1,"48":3,"49":1,"50":1,"51":1,"52":26,"53":1,"54":96,"55":1,"56":307,"57":1,"58":1,"59":1,"60":5,"61":5,"62":1,"63":26,"64":26,"65":12,"66":14,"67":1,"68":31,"69":1,"70":1,"71":1,"72":1,"73":1,"74":1,"75":0,"76":1,"77":1,"78":1,"79":1,"80":1,"81":0,"82":0,"83":0,"84":1,"85":1,"86":1},"b":{"1":[1,1,1],"2":[1,0,0,0],"3":[0,0],"4":[0,2],"5":[0,0],"6":[0,0],"7":[1,1],"8":[12,14],"9":[31,19],"10":[1,0],"11":[1,0],"12":[0,1],"13":[0,0]},"f":{"1":1,"2":0,"3":0,"4":2,"5":2,"6":0,"7":1,"8":26,"9":5,"10":1,"11":1,"12":1,"13":18,"14":1,"15":0,"16":0,"17":1,"18":1,"19":3,"20":1,"21":26,"22":96,"23":307,"24":1,"25":5,"26":26,"27":31,"28":1,"29":1,"30":1,"31":0,"32":0,"33":1},"fnMap":{"1":{"name":"(anonymous_1)","line":2,"loc":{"start":{"line":2,"column":45},"end":{"line":2,"column":57}}},"2":{"name":"(anonymous_2)","line":4,"loc":{"start":{"line":4,"column":47},"end":{"line":4,"column":63}}},"3":{"name":"(anonymous_3)","line":5,"loc":{"start":{"line":5,"column":8},"end":{"line":5,"column":24}}},"4":{"name":"(anonymous_4)","line":6,"loc":{"start":{"line":6,"column":11},"end":{"line":6,"column":27}}},"5":{"name":"__","line":8,"loc":{"start":{"line":8,"column":8},"end":{"line":8,"column":22}}},"6":{"name":"(anonymous_6)","line":16,"loc":{"start":{"line":16,"column":19},"end":{"line":16,"column":48}}},"7":{"name":"(anonymous_7)","line":17,"loc":{"start":{"line":17,"column":20},"end":{"line":17,"column":40}}},"8":{"name":"(anonymous_8)","line":18,"loc":{"start":{"line":18,"column":17},"end":{"line":18,"column":34}}},"9":{"name":"(anonymous_9)","line":19,"loc":{"start":{"line":19,"column":18},"end":{"line":19,"column":46}}},"10":{"name":"(anonymous_10)","line":20,"loc":{"start":{"line":20,"column":17},"end":{"line":20,"column":63}}},"11":{"name":"(anonymous_11)","line":25,"loc":{"start":{"line":25,"column":36},"end":{"line":25,"column":48}}},"12":{"name":"InfiniteSource","line":26,"loc":{"start":{"line":26,"column":4},"end":{"line":26,"column":30}}},"13":{"name":"(anonymous_13)","line":28,"loc":{"start":{"line":28,"column":39},"end":{"line":28,"column":51}}},"14":{"name":"(anonymous_14)","line":38,"loc":{"start":{"line":38,"column":35},"end":{"line":38,"column":53}}},"15":{"name":"IterateSource","line":40,"loc":{"start":{"line":40,"column":4},"end":{"line":40,"column":46}}},"16":{"name":"(anonymous_16)","line":47,"loc":{"start":{"line":47,"column":34},"end":{"line":47,"column":46}}},"17":{"name":"(anonymous_17)","line":63,"loc":{"start":{"line":63,"column":36},"end":{"line":63,"column":54}}},"18":{"name":"SupplierSource","line":65,"loc":{"start":{"line":65,"column":4},"end":{"line":65,"column":38}}},"19":{"name":"(anonymous_19)","line":70,"loc":{"start":{"line":70,"column":35},"end":{"line":70,"column":47}}},"20":{"name":"(anonymous_20)","line":78,"loc":{"start":{"line":78,"column":33},"end":{"line":78,"column":45}}},"21":{"name":"ArraySource","line":79,"loc":{"start":{"line":79,"column":4},"end":{"line":79,"column":38}}},"22":{"name":"(anonymous_22)","line":82,"loc":{"start":{"line":82,"column":32},"end":{"line":82,"column":44}}},"23":{"name":"(anonymous_23)","line":85,"loc":{"start":{"line":85,"column":36},"end":{"line":85,"column":48}}},"24":{"name":"(anonymous_24)","line":93,"loc":{"start":{"line":93,"column":34},"end":{"line":93,"column":46}}},"25":{"name":"ConcatSource","line":94,"loc":{"start":{"line":94,"column":4},"end":{"line":94,"column":44}}},"26":{"name":"(anonymous_26)","line":98,"loc":{"start":{"line":98,"column":33},"end":{"line":98,"column":45}}},"27":{"name":"(anonymous_27)","line":107,"loc":{"start":{"line":107,"column":37},"end":{"line":107,"column":49}}},"28":{"name":"(anonymous_28)","line":116,"loc":{"start":{"line":116,"column":33},"end":{"line":116,"column":45}}},"29":{"name":"RangeSource","line":117,"loc":{"start":{"line":117,"column":4},"end":{"line":117,"column":61}}},"30":{"name":"(anonymous_30)","line":120,"loc":{"start":{"line":120,"column":14},"end":{"line":120,"column":32}}},"31":{"name":"(anonymous_31)","line":121,"loc":{"start":{"line":121,"column":14},"end":{"line":121,"column":32}}},"32":{"name":"(anonymous_32)","line":129,"loc":{"start":{"line":129,"column":32},"end":{"line":129,"column":44}}},"33":{"name":"(anonymous_33)","line":134,"loc":{"start":{"line":134,"column":36},"end":{"line":134,"column":48}}}},"statementMap":{"1":{"start":{"line":2,"column":0},"end":{"line":11,"column":5}},"2":{"start":{"line":3,"column":4},"end":{"line":5,"column":83}},"3":{"start":{"line":4,"column":65},"end":{"line":4,"column":81}},"4":{"start":{"line":5,"column":26},"end":{"line":5,"column":80}},"5":{"start":{"line":5,"column":43},"end":{"line":5,"column":80}},"6":{"start":{"line":5,"column":68},"end":{"line":5,"column":80}},"7":{"start":{"line":6,"column":4},"end":{"line":10,"column":6}},"8":{"start":{"line":7,"column":8},"end":{"line":7,"column":28}},"9":{"start":{"line":8,"column":8},"end":{"line":8,"column":47}},"10":{"start":{"line":8,"column":24},"end":{"line":8,"column":45}},"11":{"start":{"line":9,"column":8},"end":{"line":9,"column":93}},"12":{"start":{"line":12,"column":0},"end":{"line":12,"column":62}},"13":{"start":{"line":13,"column":0},"end":{"line":13,"column":39}},"14":{"start":{"line":15,"column":0},"end":{"line":21,"column":2}},"15":{"start":{"line":16,"column":50},"end":{"line":16,"column":94}},"16":{"start":{"line":17,"column":42},"end":{"line":17,"column":78}},"17":{"start":{"line":18,"column":36},"end":{"line":18,"column":66}},"18":{"start":{"line":19,"column":48},"end":{"line":19,"column":90}},"19":{"start":{"line":20,"column":65},"end":{"line":20,"column":124}},"20":{"start":{"line":25,"column":0},"end":{"line":32,"column":5}},"21":{"start":{"line":26,"column":4},"end":{"line":27,"column":5}},"22":{"start":{"line":28,"column":4},"end":{"line":30,"column":6}},"23":{"start":{"line":29,"column":8},"end":{"line":29,"column":20}},"24":{"start":{"line":31,"column":4},"end":{"line":31,"column":26}},"25":{"start":{"line":38,"column":0},"end":{"line":59,"column":19}},"26":{"start":{"line":39,"column":4},"end":{"line":39,"column":37}},"27":{"start":{"line":40,"column":4},"end":{"line":46,"column":5}},"28":{"start":{"line":41,"column":8},"end":{"line":41,"column":46}},"29":{"start":{"line":42,"column":8},"end":{"line":42,"column":26}},"30":{"start":{"line":43,"column":8},"end":{"line":43,"column":57}},"31":{"start":{"line":44,"column":8},"end":{"line":44,"column":40}},"32":{"start":{"line":45,"column":8},"end":{"line":45,"column":21}},"33":{"start":{"line":47,"column":4},"end":{"line":57,"column":6}},"34":{"start":{"line":48,"column":8},"end":{"line":48,"column":22}},"35":{"start":{"line":49,"column":8},"end":{"line":54,"column":9}},"36":{"start":{"line":50,"column":12},"end":{"line":50,"column":66}},"37":{"start":{"line":53,"column":12},"end":{"line":53,"column":34}},"38":{"start":{"line":55,"column":8},"end":{"line":55,"column":62}},"39":{"start":{"line":56,"column":8},"end":{"line":56,"column":25}},"40":{"start":{"line":58,"column":4},"end":{"line":58,"column":25}},"41":{"start":{"line":63,"column":0},"end":{"line":74,"column":19}},"42":{"start":{"line":64,"column":4},"end":{"line":64,"column":38}},"43":{"start":{"line":65,"column":4},"end":{"line":69,"column":5}},"44":{"start":{"line":66,"column":8},"end":{"line":66,"column":46}},"45":{"start":{"line":67,"column":8},"end":{"line":67,"column":34}},"46":{"start":{"line":68,"column":8},"end":{"line":68,"column":21}},"47":{"start":{"line":70,"column":4},"end":{"line":72,"column":6}},"48":{"start":{"line":71,"column":8},"end":{"line":71,"column":31}},"49":{"start":{"line":73,"column":4},"end":{"line":73,"column":26}},"50":{"start":{"line":78,"column":0},"end":{"line":89,"column":5}},"51":{"start":{"line":79,"column":4},"end":{"line":81,"column":5}},"52":{"start":{"line":80,"column":8},"end":{"line":80,"column":41}},"53":{"start":{"line":82,"column":4},"end":{"line":84,"column":6}},"54":{"start":{"line":83,"column":8},"end":{"line":83,"column":34}},"55":{"start":{"line":85,"column":4},"end":{"line":87,"column":6}},"56":{"start":{"line":86,"column":8},"end":{"line":86,"column":39}},"57":{"start":{"line":88,"column":4},"end":{"line":88,"column":23}},"58":{"start":{"line":93,"column":0},"end":{"line":111,"column":5}},"59":{"start":{"line":94,"column":4},"end":{"line":97,"column":5}},"60":{"start":{"line":95,"column":8},"end":{"line":95,"column":56}},"61":{"start":{"line":96,"column":8},"end":{"line":96,"column":56}},"62":{"start":{"line":98,"column":4},"end":{"line":106,"column":6}},"63":{"start":{"line":99,"column":8},"end":{"line":99,"column":98}},"64":{"start":{"line":100,"column":8},"end":{"line":105,"column":9}},"65":{"start":{"line":101,"column":12},"end":{"line":101,"column":45}},"66":{"start":{"line":104,"column":12},"end":{"line":104,"column":45}},"67":{"start":{"line":107,"column":4},"end":{"line":109,"column":6}},"68":{"start":{"line":108,"column":8},"end":{"line":108,"column":80}},"69":{"start":{"line":110,"column":4},"end":{"line":110,"column":24}},"70":{"start":{"line":116,"column":0},"end":{"line":138,"column":5}},"71":{"start":{"line":117,"column":4},"end":{"line":128,"column":5}},"72":{"start":{"line":118,"column":8},"end":{"line":118,"column":57}},"73":{"start":{"line":119,"column":8},"end":{"line":121,"column":52}},"74":{"start":{"line":120,"column":34},"end":{"line":120,"column":49}},"75":{"start":{"line":121,"column":34},"end":{"line":121,"column":49}},"76":{"start":{"line":122,"column":8},"end":{"line":124,"column":47}},"77":{"start":{"line":125,"column":8},"end":{"line":125,"column":45}},"78":{"start":{"line":126,"column":8},"end":{"line":126,"column":41}},"79":{"start":{"line":127,"column":8},"end":{"line":127,"column":40}},"80":{"start":{"line":129,"column":4},"end":{"line":133,"column":6}},"81":{"start":{"line":130,"column":8},"end":{"line":130,"column":34}},"82":{"start":{"line":131,"column":8},"end":{"line":131,"column":42}},"83":{"start":{"line":132,"column":8},"end":{"line":132,"column":20}},"84":{"start":{"line":134,"column":4},"end":{"line":136,"column":6}},"85":{"start":{"line":135,"column":8},"end":{"line":135,"column":66}},"86":{"start":{"line":137,"column":4},"end":{"line":137,"column":23}}},"branchMap":{"1":{"line":2,"type":"binary-expr","locations":[{"start":{"line":2,"column":17},"end":{"line":2,"column":21}},{"start":{"line":2,"column":25},"end":{"line":2,"column":39}},{"start":{"line":2,"column":44},"end":{"line":11,"column":4}}]},"2":{"line":3,"type":"binary-expr","locations":[{"start":{"line":3,"column":24},"end":{"line":3,"column":45}},{"start":{"line":4,"column":9},"end":{"line":4,"column":43}},{"start":{"line":4,"column":47},"end":{"line":4,"column":83}},{"start":{"line":5,"column":8},"end":{"line":5,"column":82}}]},"3":{"line":5,"type":"if","locations":[{"start":{"line":5,"column":43},"end":{"line":5,"column":43}},{"start":{"line":5,"column":43},"end":{"line":5,"column":43}}]},"4":{"line":9,"type":"cond-expr","locations":[{"start":{"line":9,"column":35},"end":{"line":9,"column":51}},{"start":{"line":9,"column":55},"end":{"line":9,"column":91}}]},"5":{"line":41,"type":"binary-expr","locations":[{"start":{"line":41,"column":20},"end":{"line":41,"column":37}},{"start":{"line":41,"column":41},"end":{"line":41,"column":45}}]},"6":{"line":49,"type":"if","locations":[{"start":{"line":49,"column":8},"end":{"line":49,"column":8}},{"start":{"line":49,"column":8},"end":{"line":49,"column":8}}]},"7":{"line":66,"type":"binary-expr","locations":[{"start":{"line":66,"column":20},"end":{"line":66,"column":37}},{"start":{"line":66,"column":41},"end":{"line":66,"column":45}}]},"8":{"line":100,"type":"if","locations":[{"start":{"line":100,"column":8},"end":{"line":100,"column":8}},{"start":{"line":100,"column":8},"end":{"line":100,"column":8}}]},"9":{"line":108,"type":"binary-expr","locations":[{"start":{"line":108,"column":15},"end":{"line":108,"column":45}},{"start":{"line":108,"column":49},"end":{"line":108,"column":79}}]},"10":{"line":119,"type":"cond-expr","locations":[{"start":{"line":120,"column":14},"end":{"line":120,"column":51}},{"start":{"line":121,"column":14},"end":{"line":121,"column":51}}]},"11":{"line":122,"type":"cond-expr","locations":[{"start":{"line":123,"column":14},"end":{"line":123,"column":39}},{"start":{"line":124,"column":14},"end":{"line":124,"column":46}}]},"12":{"line":123,"type":"cond-expr","locations":[{"start":{"line":123,"column":21},"end":{"line":123,"column":35}},{"start":{"line":123,"column":38},"end":{"line":123,"column":39}}]},"13":{"line":124,"type":"cond-expr","locations":[{"start":{"line":124,"column":22},"end":{"line":124,"column":40}},{"start":{"line":124,"column":44},"end":{"line":124,"column":46}}]}}}}