TN:
SF:/Users/magnusandy/Documents/j8InJS/dist/optional.js
FN:4,(anonymous_1)
FN:8,(anonymous_2)
FN:9,Optional
FN:14,(anonymous_4)
FN:18,(anonymous_5)
FN:29,(anonymous_6)
FN:40,(anonymous_7)
FN:48,(anonymous_8)
FN:59,(anonymous_9)
FN:66,(anonymous_10)
FN:71,(anonymous_11)
FN:82,(anonymous_12)
FN:96,(anonymous_13)
FN:107,(anonymous_14)
FN:111,(anonymous_15)
FNF:15
FNH:15
FNDA:2063,(anonymous_1)
FNDA:1,(anonymous_2)
FNDA:1080,Optional
FNDA:1882,(anonymous_4)
FNDA:1682,(anonymous_5)
FNDA:40,(anonymous_6)
FNDA:2,(anonymous_7)
FNDA:174,(anonymous_8)
FNDA:30,(anonymous_9)
FNDA:2,(anonymous_10)
FNDA:3,(anonymous_11)
FNDA:4,(anonymous_12)
FNDA:181,(anonymous_13)
FNDA:608,(anonymous_14)
FNDA:293,(anonymous_15)
DA:2,1
DA:3,1
DA:4,2063
DA:8,1
DA:9,1
DA:10,1080
DA:14,1882
DA:18,1080
DA:19,1682
DA:20,2
DA:23,1680
DA:29,1080
DA:30,40
DA:31,38
DA:34,2
DA:40,1080
DA:41,2
DA:42,1
DA:48,1080
DA:49,174
DA:50,170
DA:53,4
DA:59,1080
DA:60,30
DA:61,30
DA:66,1080
DA:71,1080
DA:72,3
DA:73,2
DA:76,1
DA:82,1080
DA:83,4
DA:84,3
DA:87,1
DA:90,1080
DA:96,1
DA:97,181
DA:98,179
DA:101,2
DA:107,608
DA:111,293
DA:112,1
DA:114,1
LF:43
LH:43
BRDA:4,1,0,2063
BRDA:4,1,1,2059
BRDA:14,2,0,108
BRDA:14,2,1,1774
BRDA:19,3,0,2
BRDA:19,3,1,1680
BRDA:19,4,0,1682
BRDA:19,4,1,1682
BRDA:30,5,0,38
BRDA:30,5,1,2
BRDA:31,6,0,20
BRDA:31,6,1,18
BRDA:41,7,0,1
BRDA:41,7,1,1
BRDA:49,8,0,170
BRDA:49,8,1,4
BRDA:61,9,0,27
BRDA:61,9,1,3
BRDA:66,10,0,1
BRDA:66,10,1,1
BRDA:72,11,0,2
BRDA:72,11,1,1
BRDA:83,12,0,3
BRDA:83,12,1,1
BRDA:97,13,0,179
BRDA:97,13,1,2
BRF:26
BRH:26
end_of_record
TN:
SF:/Users/magnusandy/Documents/j8InJS/dist/errors.js
FN:4,(anonymous_1)
FNF:1
FNH:1
FNDA:1,(anonymous_1)
DA:2,1
DA:3,1
DA:4,1
DA:5,1
DA:6,1
LF:5
LH:5
BRDA:7,1,0,1
BRDA:7,1,1,1
BRF:2
BRH:2
end_of_record
TN:
SF:/Users/magnusandy/Documents/j8InJS/dist/functions.js
FN:11,(anonymous_1)
FN:12,(anonymous_2)
FN:17,(anonymous_3)
FN:18,(anonymous_4)
FN:25,(anonymous_5)
FN:26,(anonymous_6)
FN:31,(anonymous_7)
FN:32,(anonymous_8)
FN:43,(anonymous_9)
FN:44,(anonymous_10)
FN:52,(anonymous_11)
FN:53,(anonymous_12)
FNF:12
FNH:7
FNDA:0,(anonymous_1)
FNDA:0,(anonymous_2)
FNDA:1,(anonymous_3)
FNDA:0,(anonymous_4)
FNDA:74,(anonymous_5)
FNDA:151,(anonymous_6)
FNDA:0,(anonymous_7)
FNDA:0,(anonymous_8)
FNDA:11,(anonymous_9)
FNDA:143,(anonymous_10)
FNDA:1,(anonymous_11)
FNDA:27,(anonymous_12)
DA:2,1
DA:7,1
DA:12,0
DA:18,1
DA:21,1
DA:26,151
DA:32,0
DA:33,0
DA:34,0
DA:38,1
DA:44,143
DA:47,1
DA:53,1
DA:54,27
DA:55,3
DA:57,24
DA:58,19
DA:61,5
LF:18
LH:14
BRDA:54,1,0,3
BRDA:54,1,1,24
BRDA:57,2,0,19
BRDA:57,2,1,5
BRF:4
BRH:4
end_of_record
TN:
SF:/Users/magnusandy/Documents/j8InJS/dist/processor.js
FN:2,(anonymous_1)
FN:4,(anonymous_2)
FN:5,(anonymous_3)
FN:6,(anonymous_4)
FN:8,__
FN:15,(anonymous_6)
FN:16,(anonymous_7)
FN:17,(anonymous_8)
FN:18,(anonymous_9)
FN:19,(anonymous_10)
FN:20,(anonymous_11)
FN:21,(anonymous_12)
FN:22,(anonymous_13)
FN:23,(anonymous_14)
FN:24,(anonymous_15)
FN:30,(anonymous_16)
FN:31,AbstractProcessor
FN:34,(anonymous_18)
FN:37,(anonymous_19)
FN:40,(anonymous_20)
FN:48,(anonymous_21)
FN:50,PureStatelessProcessor
FN:53,(anonymous_23)
FN:56,(anonymous_24)
FN:61,(anonymous_25)
FN:63,LimitProcessor
FN:69,(anonymous_27)
FN:78,(anonymous_28)
FN:81,(anonymous_29)
FN:84,(anonymous_30)
FN:93,(anonymous_31)
FN:95,DistinctProcessor
FN:101,(anonymous_33)
FN:104,(anonymous_34)
FN:107,(anonymous_35)
FN:111,(anonymous_36)
FN:120,(anonymous_37)
FN:123,(anonymous_38)
FN:125,(anonymous_39)
FN:136,(anonymous_40)
FN:138,SortProcessor
FN:144,(anonymous_42)
FN:150,(anonymous_43)
FN:154,(anonymous_44)
FN:163,(anonymous_45)
FN:166,(anonymous_46)
FN:175,(anonymous_47)
FN:177,MapProcessor
FN:183,(anonymous_49)
FN:192,(anonymous_50)
FN:194,PeekProcessor
FN:199,(anonymous_52)
FN:210,(anonymous_53)
FN:212,FilterProcessor
FN:217,(anonymous_55)
FN:226,(anonymous_56)
FN:228,SkipProcessor
FN:233,(anonymous_58)
FN:250,(anonymous_59)
FN:252,ListFlatMapProcessor
FN:258,(anonymous_61)
FN:261,(anonymous_62)
FN:281,(anonymous_63)
FN:283,StreamFlatMapProcessor
FN:288,(anonymous_65)
FN:291,(anonymous_66)
FN:310,(anonymous_67)
FN:312,OptionalFlatMapProcessor
FN:317,(anonymous_69)
FNF:69
FNH:65
FNDA:1,(anonymous_1)
FNDA:0,(anonymous_2)
FNDA:0,(anonymous_3)
FNDA:11,(anonymous_4)
FNDA:11,__
FNDA:79,(anonymous_6)
FNDA:13,(anonymous_7)
FNDA:12,(anonymous_8)
FNDA:20,(anonymous_9)
FNDA:3,(anonymous_10)
FNDA:1,(anonymous_11)
FNDA:1,(anonymous_12)
FNDA:5,(anonymous_13)
FNDA:1,(anonymous_14)
FNDA:1,(anonymous_15)
FNDA:1,(anonymous_16)
FNDA:136,AbstractProcessor
FNDA:314,(anonymous_18)
FNDA:222,(anonymous_19)
FNDA:654,(anonymous_20)
FNDA:1,(anonymous_21)
FNDA:112,PureStatelessProcessor
FNDA:215,(anonymous_23)
FNDA:534,(anonymous_24)
FNDA:1,(anonymous_25)
FNDA:3,LimitProcessor
FNDA:7,(anonymous_27)
FNDA:35,(anonymous_28)
FNDA:7,(anonymous_29)
FNDA:35,(anonymous_30)
FNDA:1,(anonymous_31)
FNDA:20,DistinctProcessor
FNDA:40,(anonymous_33)
FNDA:98,(anonymous_34)
FNDA:104,(anonymous_35)
FNDA:65,(anonymous_36)
FNDA:17,(anonymous_37)
FNDA:79,(anonymous_38)
FNDA:164,(anonymous_39)
FNDA:1,(anonymous_40)
FNDA:1,SortProcessor
FNDA:1,(anonymous_42)
FNDA:11,(anonymous_43)
FNDA:11,(anonymous_44)
FNDA:10,(anonymous_45)
FNDA:11,(anonymous_46)
FNDA:1,(anonymous_47)
FNDA:79,MapProcessor
FNDA:139,(anonymous_49)
FNDA:1,(anonymous_50)
FNDA:1,PeekProcessor
FNDA:0,(anonymous_52)
FNDA:1,(anonymous_53)
FNDA:13,FilterProcessor
FNDA:36,(anonymous_55)
FNDA:1,(anonymous_56)
FNDA:1,SkipProcessor
FNDA:0,(anonymous_58)
FNDA:1,(anonymous_59)
FNDA:12,ListFlatMapProcessor
FNDA:73,(anonymous_61)
FNDA:41,(anonymous_62)
FNDA:1,(anonymous_63)
FNDA:1,StreamFlatMapProcessor
FNDA:13,(anonymous_65)
FNDA:8,(anonymous_66)
FNDA:1,(anonymous_67)
FNDA:5,OptionalFlatMapProcessor
FNDA:26,(anonymous_69)
DA:2,1
DA:3,1
DA:4,0
DA:5,0
DA:6,1
DA:7,11
DA:8,11
DA:9,11
DA:12,1
DA:13,1
DA:14,1
DA:15,79
DA:16,13
DA:17,12
DA:18,20
DA:19,3
DA:20,1
DA:21,1
DA:22,5
DA:23,1
DA:24,1
DA:30,1
DA:31,1
DA:32,136
DA:34,1
DA:35,314
DA:37,1
DA:38,222
DA:40,1
DA:41,654
DA:43,1
DA:48,1
DA:49,1
DA:50,1
DA:51,112
DA:53,1
DA:54,215
DA:56,1
DA:57,534
DA:59,1
DA:61,1
DA:62,1
DA:63,1
DA:64,3
DA:65,3
DA:66,3
DA:67,3
DA:69,1
DA:70,7
DA:71,7
DA:72,7
DA:75,0
DA:78,1
DA:79,35
DA:81,1
DA:82,7
DA:84,1
DA:85,35
DA:87,1
DA:93,1
DA:94,1
DA:95,1
DA:96,20
DA:97,20
DA:98,20
DA:99,20
DA:101,1
DA:102,40
DA:104,1
DA:105,98
DA:107,1
DA:108,104
DA:109,104
DA:111,1
DA:112,65
DA:113,17
DA:114,17
DA:117,48
DA:120,1
DA:121,17
DA:122,17
DA:123,17
DA:125,164
DA:126,79
DA:127,79
DA:128,53
DA:131,17
DA:132,17
DA:134,1
DA:136,1
DA:137,1
DA:138,1
DA:139,1
DA:140,1
DA:141,1
DA:142,1
DA:144,1
DA:145,1
DA:146,1
DA:147,1
DA:148,1
DA:150,1
DA:151,11
DA:152,11
DA:154,1
DA:155,11
DA:156,1
DA:157,1
DA:160,10
DA:163,1
DA:164,10
DA:166,1
DA:167,11
DA:169,1
DA:175,1
DA:176,1
DA:177,1
DA:178,79
DA:179,79
DA:180,79
DA:183,1
DA:184,139
DA:186,1
DA:192,1
DA:193,1
DA:194,1
DA:195,1
DA:196,1
DA:197,1
DA:199,1
DA:200,0
DA:201,0
DA:202,0
DA:204,1
DA:210,1
DA:211,1
DA:212,1
DA:213,13
DA:214,13
DA:215,13
DA:217,1
DA:218,36
DA:220,1
DA:226,1
DA:227,1
DA:228,1
DA:229,1
DA:230,1
DA:231,1
DA:233,1
DA:234,0
DA:235,0
DA:236,0
DA:237,0
DA:240,0
DA:243,1
DA:250,1
DA:251,1
DA:252,1
DA:253,12
DA:254,12
DA:255,12
DA:256,12
DA:258,1
DA:259,73
DA:261,1
DA:262,41
DA:263,28
DA:265,13
DA:266,12
DA:267,12
DA:268,12
DA:269,12
DA:272,1
DA:274,1
DA:281,1
DA:282,1
DA:283,1
DA:284,1
DA:285,1
DA:286,1
DA:288,1
DA:289,13
DA:291,1
DA:292,8
DA:293,6
DA:295,2
DA:296,2
DA:297,2
DA:298,2
DA:299,2
DA:302,0
DA:304,1
DA:310,1
DA:311,1
DA:312,1
DA:313,5
DA:314,5
DA:315,5
DA:317,1
DA:318,26
DA:320,1
LF:202
LH:190
BRDA:2,1,0,1
BRDA:2,1,1,1
BRDA:2,1,2,1
BRDA:3,2,0,1
BRDA:3,2,1,0
BRDA:3,2,2,0
BRDA:3,2,3,0
BRDA:5,3,0,0
BRDA:5,3,1,0
BRDA:9,4,0,0
BRDA:9,4,1,11
BRDA:41,5,0,654
BRDA:41,5,1,0
BRDA:51,6,0,112
BRDA:51,6,1,112
BRDA:51,6,2,112
BRDA:64,7,0,3
BRDA:64,7,1,3
BRDA:70,8,0,7
BRDA:70,8,1,0
BRDA:96,9,0,20
BRDA:96,9,1,20
BRDA:108,10,0,84
BRDA:108,10,1,20
BRDA:109,11,0,104
BRDA:109,11,1,102
BRDA:112,12,0,17
BRDA:112,12,1,48
BRDA:127,13,0,53
BRDA:127,13,1,26
BRDA:139,14,0,1
BRDA:139,14,1,1
BRDA:151,15,0,10
BRDA:151,15,1,1
BRDA:152,16,0,11
BRDA:152,16,1,11
BRDA:155,17,0,1
BRDA:155,17,1,10
BRDA:178,18,0,79
BRDA:178,18,1,0
BRDA:195,19,0,1
BRDA:195,19,1,0
BRDA:213,20,0,13
BRDA:213,20,1,0
BRDA:229,21,0,1
BRDA:229,21,1,0
BRDA:234,22,0,0
BRDA:234,22,1,0
BRDA:253,23,0,12
BRDA:253,23,1,0
BRDA:259,24,0,73
BRDA:259,24,1,41
BRDA:262,25,0,28
BRDA:262,25,1,13
BRDA:265,26,0,12
BRDA:265,26,1,1
BRDA:267,27,0,12
BRDA:267,27,1,0
BRDA:284,28,0,1
BRDA:284,28,1,0
BRDA:289,29,0,13
BRDA:289,29,1,11
BRDA:289,29,2,5
BRDA:292,30,0,6
BRDA:292,30,1,2
BRDA:292,31,0,8
BRDA:292,31,1,7
BRDA:295,32,0,2
BRDA:295,32,1,0
BRDA:297,33,0,2
BRDA:297,33,1,0
BRDA:313,34,0,5
BRDA:313,34,1,0
BRF:73
BRH:53
end_of_record
TN:
SF:/Users/magnusandy/Documents/j8InJS/dist/processorPipeline.js
FN:2,(anonymous_1)
FN:4,(anonymous_2)
FN:5,(anonymous_3)
FN:6,(anonymous_4)
FN:8,__
FN:22,(anonymous_6)
FN:23,ProcessorPipeline
FN:34,(anonymous_8)
FN:41,(anonymous_9)
FN:50,(anonymous_10)
FN:62,(anonymous_11)
FN:80,(anonymous_12)
FN:81,ProcessorNode
FN:86,(anonymous_14)
FN:89,(anonymous_15)
FN:92,(anonymous_16)
FN:95,(anonymous_17)
FN:98,(anonymous_18)
FN:101,(anonymous_19)
FN:104,(anonymous_20)
FN:107,(anonymous_21)
FN:121,(anonymous_22)
FN:138,(anonymous_23)
FN:162,(anonymous_24)
FN:174,(anonymous_25)
FN:176,InitialFeedProcessorNode
FN:181,(anonymous_27)
FN:184,(anonymous_28)
FNF:28
FNH:26
FNDA:1,(anonymous_1)
FNDA:0,(anonymous_2)
FNDA:0,(anonymous_3)
FNDA:1,(anonymous_4)
FNDA:1,__
FNDA:1,(anonymous_6)
FNDA:67,ProcessorPipeline
FNDA:237,(anonymous_8)
FNDA:33,(anonymous_9)
FNDA:34,(anonymous_10)
FNDA:143,(anonymous_11)
FNDA:1,(anonymous_12)
FNDA:105,ProcessorNode
FNDA:49,(anonymous_14)
FNDA:35,(anonymous_15)
FNDA:102,(anonymous_16)
FNDA:1311,(anonymous_17)
FNDA:3,(anonymous_18)
FNDA:273,(anonymous_19)
FNDA:268,(anonymous_20)
FNDA:654,(anonymous_21)
FNDA:49,(anonymous_22)
FNDA:219,(anonymous_23)
FNDA:268,(anonymous_24)
FNDA:1,(anonymous_25)
FNDA:33,InitialFeedProcessorNode
FNDA:357,(anonymous_27)
FNDA:125,(anonymous_28)
DA:2,1
DA:3,1
DA:4,0
DA:5,0
DA:6,1
DA:7,1
DA:8,1
DA:9,1
DA:12,1
DA:13,1
DA:14,1
DA:15,1
DA:22,1
DA:23,1
DA:24,67
DA:25,67
DA:26,67
DA:27,67
DA:34,1
DA:35,237
DA:41,1
DA:42,33
DA:43,33
DA:44,33
DA:50,1
DA:51,34
DA:52,34
DA:53,34
DA:54,34
DA:55,34
DA:62,1
DA:63,143
DA:64,120
DA:65,120
DA:66,103
DA:69,17
DA:72,23
DA:74,1
DA:76,1
DA:80,1
DA:81,1
DA:82,105
DA:83,105
DA:84,105
DA:86,1
DA:87,49
DA:89,1
DA:90,35
DA:92,1
DA:93,102
DA:95,1
DA:96,1311
DA:98,1
DA:99,3
DA:101,1
DA:102,273
DA:104,1
DA:105,268
DA:107,1
DA:108,654
DA:109,28
DA:110,28
DA:113,626
DA:114,626
DA:121,1
DA:122,49
DA:123,49
DA:124,49
DA:125,71
DA:126,71
DA:127,71
DA:131,49
DA:138,1
DA:139,219
DA:140,17
DA:142,202
DA:143,202
DA:144,202
DA:145,202
DA:146,202
DA:149,0
DA:162,1
DA:163,268
DA:167,1
DA:169,1
DA:174,1
DA:175,1
DA:176,1
DA:177,33
DA:178,33
DA:179,33
DA:181,1
DA:182,357
DA:184,1
DA:185,125
DA:187,1
LF:96
LH:93
BRDA:2,1,0,1
BRDA:2,1,1,1
BRDA:2,1,2,1
BRDA:3,2,0,1
BRDA:3,2,1,0
BRDA:3,2,2,0
BRDA:3,2,3,0
BRDA:5,3,0,0
BRDA:5,3,1,0
BRDA:9,4,0,0
BRDA:9,4,1,1
BRDA:63,5,0,120
BRDA:63,5,1,23
BRDA:65,6,0,103
BRDA:65,6,1,17
BRDA:108,7,0,28
BRDA:108,7,1,626
BRDA:109,8,0,28
BRDA:109,8,1,0
BRDA:110,9,0,28
BRDA:110,9,1,14
BRDA:113,10,0,626
BRDA:113,10,1,0
BRDA:114,11,0,626
BRDA:114,11,1,553
BRDA:122,12,0,49
BRDA:122,12,1,0
BRDA:126,13,0,71
BRDA:126,13,1,0
BRDA:139,14,0,17
BRDA:139,14,1,202
BRDA:139,15,0,219
BRDA:139,15,1,24
BRDA:142,16,0,202
BRDA:142,16,1,0
BRDA:144,17,0,202
BRDA:144,17,1,0
BRDA:163,18,0,219
BRDA:163,18,1,49
BRDA:177,19,0,33
BRDA:177,19,1,33
BRF:41
BRH:29
end_of_record
TN:
SF:/Users/magnusandy/Documents/j8InJS/dist/stream.js
FN:15,(anonymous_1)
FN:22,(anonymous_2)
FN:33,(anonymous_3)
FN:39,(anonymous_4)
FN:47,(anonymous_5)
FN:57,(anonymous_6)
FN:65,(anonymous_7)
FN:83,(anonymous_8)
FN:100,(anonymous_9)
FN:108,(anonymous_10)
FN:109,PipelineStream
FN:113,(anonymous_12)
FN:117,(anonymous_13)
FN:120,(anonymous_14)
FN:123,(anonymous_15)
FN:133,(anonymous_16)
FN:136,(anonymous_17)
FN:139,(anonymous_18)
FN:142,(anonymous_19)
FN:145,(anonymous_20)
FN:148,(anonymous_21)
FN:152,(anonymous_22)
FN:157,(anonymous_23)
FN:167,(anonymous_24)
FN:177,(anonymous_25)
FN:187,(anonymous_26)
FN:196,(anonymous_27)
FN:199,(anonymous_28)
FN:202,(anonymous_29)
FN:211,(anonymous_30)
FN:220,(anonymous_31)
FN:224,(anonymous_32)
FN:228,(anonymous_33)
FN:232,(anonymous_34)
FN:236,(anonymous_35)
FN:240,(anonymous_36)
FN:244,(anonymous_37)
FN:248,(anonymous_38)
FN:253,(anonymous_39)
FN:258,(anonymous_40)
FN:262,(anonymous_41)
FN:269,(anonymous_42)
FN:272,(anonymous_43)
FN:285,(anonymous_44)
FN:298,(anonymous_45)
FN:312,(anonymous_46)
FNF:46
FNH:30
FNDA:14,(anonymous_1)
FNDA:7,(anonymous_2)
FNDA:0,(anonymous_3)
FNDA:5,(anonymous_4)
FNDA:1,(anonymous_5)
FNDA:0,(anonymous_6)
FNDA:5,(anonymous_7)
FNDA:1,(anonymous_8)
FNDA:0,(anonymous_9)
FNDA:1,(anonymous_10)
FNDA:67,PipelineStream
FNDA:34,(anonymous_12)
FNDA:94,(anonymous_13)
FNDA:32,(anonymous_14)
FNDA:0,(anonymous_15)
FNDA:12,(anonymous_16)
FNDA:26,(anonymous_17)
FNDA:1,(anonymous_18)
FNDA:33,(anonymous_19)
FNDA:0,(anonymous_20)
FNDA:5,(anonymous_21)
FNDA:126,(anonymous_22)
FNDA:0,(anonymous_23)
FNDA:0,(anonymous_24)
FNDA:0,(anonymous_25)
FNDA:0,(anonymous_26)
FNDA:0,(anonymous_27)
FNDA:0,(anonymous_28)
FNDA:0,(anonymous_29)
FNDA:19,(anonymous_30)
FNDA:2,(anonymous_31)
FNDA:1,(anonymous_32)
FNDA:1,(anonymous_33)
FNDA:4,(anonymous_34)
FNDA:5,(anonymous_35)
FNDA:5,(anonymous_36)
FNDA:1,(anonymous_37)
FNDA:11,(anonymous_38)
FNDA:1,(anonymous_39)
FNDA:3,(anonymous_40)
FNDA:2,(anonymous_41)
FNDA:0,(anonymous_42)
FNDA:0,(anonymous_43)
FNDA:0,(anonymous_44)
FNDA:0,(anonymous_45)
FNDA:5,(anonymous_46)
DA:2,1
DA:3,1
DA:4,1
DA:5,1
DA:6,1
DA:7,1
DA:8,1
DA:10,1
DA:16,14
DA:23,7
DA:24,7
DA:25,27
DA:27,7
DA:34,0
DA:40,5
DA:48,1
DA:58,0
DA:66,5
DA:84,1
DA:101,0
DA:108,1
DA:109,1
DA:110,67
DA:111,67
DA:113,1
DA:114,34
DA:117,1
DA:118,94
DA:120,1
DA:121,32
DA:123,1
DA:124,0
DA:125,0
DA:126,0
DA:127,0
DA:130,0
DA:133,1
DA:134,12
DA:136,1
DA:137,26
DA:139,1
DA:140,1
DA:142,1
DA:143,33
DA:145,1
DA:146,0
DA:148,1
DA:149,5
DA:152,1
DA:153,126
DA:154,126
DA:157,1
DA:158,0
DA:159,0
DA:160,0
DA:161,0
DA:163,0
DA:165,0
DA:167,1
DA:168,0
DA:169,0
DA:170,0
DA:171,0
DA:173,0
DA:175,0
DA:177,1
DA:178,0
DA:179,0
DA:180,0
DA:181,0
DA:183,0
DA:185,0
DA:187,1
DA:188,0
DA:189,0
DA:190,0
DA:191,0
DA:192,0
DA:194,0
DA:196,1
DA:197,0
DA:199,1
DA:200,0
DA:202,1
DA:203,0
DA:204,0
DA:205,0
DA:206,0
DA:207,0
DA:209,0
DA:211,1
DA:212,19
DA:213,19
DA:214,19
DA:215,68
DA:216,68
DA:218,19
DA:220,1
DA:221,2
DA:222,2
DA:224,1
DA:225,1
DA:226,1
DA:228,1
DA:229,1
DA:230,1
DA:232,1
DA:233,4
DA:234,4
DA:236,1
DA:237,5
DA:238,5
DA:240,1
DA:241,5
DA:242,5
DA:244,1
DA:245,1
DA:246,1
DA:248,1
DA:249,11
DA:250,11
DA:251,11
DA:253,1
DA:254,1
DA:255,1
DA:256,1
DA:258,1
DA:259,3
DA:260,3
DA:262,1
DA:263,2
DA:264,2
DA:265,5
DA:266,5
DA:269,1
DA:270,0
DA:272,1
DA:273,0
DA:274,0
DA:275,0
DA:276,0
DA:277,0
DA:278,0
DA:279,0
DA:281,0
DA:283,0
DA:285,1
DA:286,0
DA:287,0
DA:288,0
DA:289,0
DA:290,0
DA:291,0
DA:292,0
DA:294,0
DA:296,0
DA:298,1
DA:299,0
DA:300,0
DA:301,0
DA:302,0
DA:303,0
DA:306,0
DA:308,0
DA:310,0
DA:312,1
DA:313,5
DA:315,1
LF:168
LH:100
BRDA:101,1,0,0
BRDA:101,1,1,0
BRDA:125,2,0,0
BRDA:125,2,1,0
BRDA:160,3,0,0
BRDA:160,3,1,0
BRDA:170,4,0,0
BRDA:170,4,1,0
BRDA:180,5,0,0
BRDA:180,5,1,0
BRDA:249,6,0,0
BRDA:249,6,1,11
BRDA:254,7,0,0
BRDA:254,7,1,1
BRDA:273,8,0,0
BRDA:273,8,1,0
BRDA:278,9,0,0
BRDA:278,9,1,0
BRDA:286,10,0,0
BRDA:286,10,1,0
BRDA:291,11,0,0
BRDA:291,11,1,0
BRDA:302,12,0,0
BRDA:302,12,1,0
BRF:24
BRH:2
end_of_record
TN:
SF:/Users/magnusandy/Documents/j8InJS/dist/collectors.js
FN:3,(anonymous_1)
FN:4,Collector
FN:6,(anonymous_3)
FN:7,(anonymous_4)
FN:8,(anonymous_5)
FN:9,(anonymous_6)
FN:15,(anonymous_7)
FN:22,(anonymous_8)
FN:23,Collectors
FN:25,(anonymous_10)
FN:26,(anonymous_11)
FN:27,(anonymous_12)
FN:28,(anonymous_13)
FN:29,(anonymous_14)
FN:32,(anonymous_15)
FNF:15
FNH:11
FNDA:1,(anonymous_1)
FNDA:19,Collector
FNDA:19,(anonymous_3)
FNDA:68,(anonymous_4)
FNDA:0,(anonymous_5)
FNDA:19,(anonymous_6)
FNDA:19,(anonymous_7)
FNDA:1,(anonymous_8)
FNDA:0,Collectors
FNDA:19,(anonymous_10)
FNDA:19,(anonymous_11)
FNDA:68,(anonymous_12)
FNDA:0,(anonymous_13)
FNDA:19,(anonymous_14)
FNDA:0,(anonymous_15)
DA:2,1
DA:3,1
DA:4,1
DA:5,19
DA:6,19
DA:7,68
DA:8,19
DA:9,19
DA:10,19
DA:11,19
DA:12,19
DA:13,19
DA:15,1
DA:16,19
DA:18,1
DA:20,1
DA:22,1
DA:23,1
DA:25,1
DA:26,19
DA:27,68
DA:28,19
DA:29,19
DA:30,19
DA:32,1
DA:33,0
DA:35,1
DA:37,1
LF:28
LH:27
BRF:0
BRH:0
end_of_record
TN:
SF:/Users/magnusandy/Documents/j8InJS/dist/source.js
FN:2,(anonymous_1)
FN:4,(anonymous_2)
FN:5,(anonymous_3)
FN:6,(anonymous_4)
FN:8,__
FN:16,(anonymous_6)
FN:17,(anonymous_7)
FN:18,(anonymous_8)
FN:19,(anonymous_9)
FN:20,(anonymous_10)
FN:25,(anonymous_11)
FN:26,InfiniteSource
FN:28,(anonymous_13)
FN:38,(anonymous_14)
FN:40,IterateSource
FN:47,(anonymous_16)
FN:63,(anonymous_17)
FN:65,SupplierSource
FN:70,(anonymous_19)
FN:78,(anonymous_20)
FN:79,ArraySource
FN:82,(anonymous_22)
FN:85,(anonymous_23)
FN:93,(anonymous_24)
FN:94,ConcatSource
FN:98,(anonymous_26)
FN:107,(anonymous_27)
FN:116,(anonymous_28)
FN:117,RangeSource
FN:120,(anonymous_30)
FN:121,(anonymous_31)
FN:129,(anonymous_32)
FN:134,(anonymous_33)
FNF:33
FNH:26
FNDA:1,(anonymous_1)
FNDA:0,(anonymous_2)
FNDA:0,(anonymous_3)
FNDA:2,(anonymous_4)
FNDA:2,__
FNDA:0,(anonymous_6)
FNDA:1,(anonymous_7)
FNDA:26,(anonymous_8)
FNDA:5,(anonymous_9)
FNDA:1,(anonymous_10)
FNDA:1,(anonymous_11)
FNDA:1,InfiniteSource
FNDA:18,(anonymous_13)
FNDA:1,(anonymous_14)
FNDA:0,IterateSource
FNDA:0,(anonymous_16)
FNDA:1,(anonymous_17)
FNDA:1,SupplierSource
FNDA:3,(anonymous_19)
FNDA:1,(anonymous_20)
FNDA:26,ArraySource
FNDA:96,(anonymous_22)
FNDA:307,(anonymous_23)
FNDA:1,(anonymous_24)
FNDA:5,ConcatSource
FNDA:26,(anonymous_26)
FNDA:31,(anonymous_27)
FNDA:1,(anonymous_28)
FNDA:1,RangeSource
FNDA:1,(anonymous_30)
FNDA:0,(anonymous_31)
FNDA:0,(anonymous_32)
FNDA:1,(anonymous_33)
DA:2,1
DA:3,1
DA:4,0
DA:5,0
DA:6,1
DA:7,2
DA:8,2
DA:9,2
DA:12,1
DA:13,1
DA:15,1
DA:16,0
DA:17,1
DA:18,26
DA:19,5
DA:20,1
DA:25,1
DA:26,1
DA:28,1
DA:29,18
DA:31,1
DA:38,1
DA:39,1
DA:40,1
DA:41,0
DA:42,0
DA:43,0
DA:44,0
DA:45,0
DA:47,1
DA:48,0
DA:49,0
DA:50,0
DA:53,0
DA:55,0
DA:56,0
DA:58,1
DA:63,1
DA:64,1
DA:65,1
DA:66,1
DA:67,1
DA:68,1
DA:70,1
DA:71,3
DA:73,1
DA:78,1
DA:79,1
DA:80,26
DA:82,1
DA:83,96
DA:85,1
DA:86,307
DA:88,1
DA:93,1
DA:94,1
DA:95,5
DA:96,5
DA:98,1
DA:99,26
DA:100,26
DA:101,12
DA:104,14
DA:107,1
DA:108,31
DA:110,1
DA:116,1
DA:117,1
DA:118,1
DA:119,1
DA:120,1
DA:121,0
DA:122,1
DA:125,1
DA:126,1
DA:127,1
DA:129,1
DA:130,0
DA:131,0
DA:132,0
DA:134,1
DA:135,1
DA:137,1
LF:83
LH:65
BRDA:2,1,0,1
BRDA:2,1,1,1
BRDA:2,1,2,1
BRDA:3,2,0,1
BRDA:3,2,1,0
BRDA:3,2,2,0
BRDA:3,2,3,0
BRDA:5,3,0,0
BRDA:5,3,1,0
BRDA:9,4,0,0
BRDA:9,4,1,2
BRDA:41,5,0,0
BRDA:41,5,1,0
BRDA:49,6,0,0
BRDA:49,6,1,0
BRDA:66,7,0,1
BRDA:66,7,1,1
BRDA:100,8,0,12
BRDA:100,8,1,14
BRDA:108,9,0,31
BRDA:108,9,1,19
BRDA:119,10,0,1
BRDA:119,10,1,0
BRDA:122,11,0,1
BRDA:122,11,1,0
BRDA:123,12,0,0
BRDA:123,12,1,1
BRDA:124,13,0,0
BRDA:124,13,1,0
BRF:29
BRH:14
end_of_record
